{
  "stats": {
    "suites": 1,
    "tests": 1,
    "passes": 0,
    "pending": 0,
    "failures": 1,
    "start": "2025-04-03T10:55:57.567Z",
    "end": "2025-04-03T10:56:05.615Z",
    "duration": 8048,
    "testsRegistered": 1,
    "passPercent": 0,
    "pendingPercent": 0,
    "other": 0,
    "hasOther": false,
    "skipped": 0,
    "hasSkipped": false
  },
  "results": [
    {
      "uuid": "1d819d1c-bde9-4e16-9cfe-63c4dc76e717",
      "title": "",
      "fullFile": "cypress\\e2e\\1-myproject\\meizhe2012\\login.cy.js",
      "file": "cypress\\e2e\\1-myproject\\meizhe2012\\login.cy.js",
      "beforeHooks": [],
      "afterHooks": [],
      "tests": [],
      "suites": [
        {
          "uuid": "611bd89c-6349-455b-96ae-ad2e5da8aef3",
          "title": "登录美折",
          "fullFile": "",
          "file": "",
          "beforeHooks": [],
          "afterHooks": [],
          "tests": [
            {
              "title": "登录成功",
              "fullTitle": "登录美折 登录成功",
              "timedOut": null,
              "duration": 5154,
              "state": "failed",
              "speed": null,
              "pass": false,
              "fail": true,
              "pending": false,
              "context": null,
              "code": "//检查页面上是否有\"立即使用美折\"按钮并点击\ncy.contains('立即使用美折').click();\n//输入账号以及密码\ncy.origin('https://oauth.taobao.com', () => {\n  cy.get('账号名/邮箱/手机号').click().type('杭州美登科技');\n  cy.get('请输入登录密码').click().type('hzmd11496');\n});\n// cy.origin('https://oauth.taobao.com', () => {\n//     it('处理单层iframe',function(){\n//         cy.get('iframe#J_loginIframe').then($iframe=>{\n//             cy.wrap($iframe.contents().find('#fm-login-id')).then($user=>{\n//                 cy.wrap($user).type('杭州美登科技')\n//             })\n//         })\n//     })\n//cy.get(\"#fm-login-id\").type('杭州美登科技', { delay: 100 })",
              "err": {
                "message": "Error: Syntax error, unrecognized expression: 账号名/邮箱/手机号",
                "estack": "Error: Syntax error, unrecognized expression: 账号名/邮箱/手机号\n    at Context.eval (webpack:///./cypress/e2e/1-myproject/meizhe2012/login.cy.js:15:11)",
                "diff": null
              },
              "uuid": "a9b52051-d6a0-40cc-b8e6-8297fd563888",
              "parentUUID": "611bd89c-6349-455b-96ae-ad2e5da8aef3",
              "isHook": false,
              "skipped": false
            }
          ],
          "suites": [],
          "passes": [],
          "failures": [
            "a9b52051-d6a0-40cc-b8e6-8297fd563888"
          ],
          "pending": [],
          "skipped": [],
          "duration": 5154,
          "root": false,
          "rootEmpty": false,
          "_timeout": 2000
        }
      ],
      "passes": [],
      "failures": [],
      "pending": [],
      "skipped": [],
      "duration": 0,
      "root": true,
      "rootEmpty": true,
      "_timeout": 2000
    }
  ],
  "meta": {
    "mocha": {
      "version": "7.0.1"
    },
    "mochawesome": {
      "options": {
        "quiet": false,
        "reportFilename": "mochawesome",
        "saveHtml": false,
        "saveJson": true,
        "consoleReporter": "spec",
        "useInlineDiffs": false,
        "code": true
      },
      "version": "7.1.3"
    },
    "marge": {
      "options": {
        "reportDir": "cypress/reports/mochawesome",
        "overwrite": false,
        "html": false,
        "json": true
      },
      "version": "6.2.0"
    }
  }
}