{
  "stats": {
    "suites": 1,
    "tests": 18,
    "passes": 16,
    "pending": 0,
    "failures": 2,
    "start": "2025-04-03T11:49:05.934Z",
    "end": "2025-04-03T11:53:22.275Z",
    "duration": 256341,
    "testsRegistered": 18,
    "passPercent": 88.88888888888889,
    "pendingPercent": 0,
    "other": 0,
    "hasOther": false,
    "skipped": 0,
    "hasSkipped": false
  },
  "results": [
    {
      "uuid": "d0f2faa2-832a-48ad-9244-9e2f3c60106e",
      "title": "",
      "fullFile": "cypress\\e2e\\1-myproject\\meizhe2012\\main-process-putongzhekou.cy.js",
      "file": "cypress\\e2e\\1-myproject\\meizhe2012\\main-process-putongzhekou.cy.js",
      "beforeHooks": [],
      "afterHooks": [],
      "tests": [],
      "suites": [
        {
          "uuid": "2ee0897e-8af6-4b9e-abb3-3c4e0aab28ca",
          "title": "普通折扣主流程",
          "fullFile": "",
          "file": "",
          "beforeHooks": [],
          "afterHooks": [],
          "tests": [
            {
              "title": "点击跳转创建折扣页面",
              "fullTitle": "普通折扣主流程 点击跳转创建折扣页面",
              "timedOut": null,
              "duration": 8358,
              "state": "passed",
              "speed": "medium",
              "pass": true,
              "fail": false,
              "pending": false,
              "context": null,
              "code": "cy.visit('https://meizhe.meideng.net/home').wait(2000);\n//关闭目前存在的全局弹窗\n// cy.get('button.mz-modal-adv-close-button').then(($cls_popwin)=>{\n//     if($cls_popwin!== null){\n//         //元素存在时的操作\n//         cy.log('elements exist');\n//         cy.get($cls_popwin).click();\n//     }\n// })\ncy.get('body').then($body => {\n  const global_popwin_close = $body.find('button.mz-modal-adv-close-button:visible');\n  if (global_popwin_close.length !== 0) {\n    cy.wrap(global_popwin_close).click(); // 使用 cy.wrap 包装 jQuery 对象\n  }\n});\n//获取到美折首页上方促销按钮,并保持悬浮\ncy.get('ul>li').eq(0).trigger('mouseover').wait(1000);\n//点击‘折扣/减价’\ncy.contains('折扣/减价').click().wait(1000);\n//验证是否成功跳转\ncy.url().should('contain', 'huodong/zhekou-create');",
              "err": {},
              "uuid": "c0140c0c-d125-4632-8f26-2821b428a03c",
              "parentUUID": "2ee0897e-8af6-4b9e-abb3-3c4e0aab28ca",
              "isHook": false,
              "skipped": false
            },
            {
              "title": "成功创建普通折扣活动",
              "fullTitle": "普通折扣主流程 成功创建普通折扣活动",
              "timedOut": null,
              "duration": 37938,
              "state": "passed",
              "speed": "slow",
              "pass": true,
              "fail": false,
              "pending": false,
              "context": null,
              "code": "cy.visit('https://meizhe.meideng.net/huodong/zhekou-create').wait(2000);\ncy.get('body').then($body => {\n  const global_popwin_close = $body.find('button.mz-modal-adv-close-button:visible');\n  if (global_popwin_close.length !== 0) {\n    cy.wrap(global_popwin_close).click(); // 使用 cy.wrap 包装 jQuery 对象\n  }\n});\n//切换价格标签为‘热卖促销’\ncy.get('input[value=\"优惠促销\"]').click({\n  force: true\n}).wait(1000);\ncy.contains('热卖促销').click().wait(1000);\n//验证页面关键元素存在\ncy.contains('开始时间').should('be.visible');\ncy.contains('结束时间').should('be.visible');\ncy.contains('结束提醒').should('be.visible');\n//切换至首件优惠--限购2件--再切换回不限购\ncy.get('i.icon-danxuan').eq(0).click().wait(1000);\ncy.get('i.icon-danxuan').eq(1).click().wait(1000);\n//使用selector定位元素\n//cy.get(\"#main-content > div > div.mzc-column-container.mzc-margin.mzc-margin-small > div > div:nth-child(5) > div.BYLQkoJX.kfmTPc9a._1RoRMXu4.mzc-row-container > div._3vjyxRQZ._1RoRMXu4.mzc-row-container.mzc-margin.mzc-margin-small > div > div > label._1pBIOq_D.DamWxi8E._3GrHH1De.mzc-margin.mzc-margin-large > div > div > input\").clear().type('2');\ncy.get('span').filter(':contains(\"件\")').eq(2).prev().as('yhxgfj');\ncy.get('@yhxgfj').clear().wait(500).type('2');\ncy.get('i.icon-danxuan').eq(0).click().wait(500);\n//切换到指定客户，检测价格标签是否改变，再切换回不限，检测价格标签是否改变\ncy.get('i.icon-danxuan').eq(2).click().wait(500);\ncy.get('input[value=\"粉丝专享\"]').should('be.visible');\ncy.get('i.icon-danxuan').eq(2).click().wait(500);\n//修改活动备注，在末尾新添加一个1之后，点击下一步按钮进入第二步\ncy.get('div').contains('活动备注').parent().as('hdbzfj');\ncy.get('@hdbzfj').within(() => {\n  cy.get('input').type('1');\n}).wait(1000);\ncy.get('button').contains('下一步').click().wait(2000);\n// cy.window().then((win) => {\n//     win.localStorage.setItem('myVar', cy.url());\n//   });\n//在页面上搜索带有“测试”两个字的商品，并选择其中第一个\ncy.get('input[placeholder=\"关键字、商品ID、商品链接、商家编码\"]').click().type('测试');\ncy.contains('搜索商品').click().wait(1000);\ncy.get('button').contains('选择商品').eq(0).click().wait(1000);\n//切换到仓库中tab，选择全选本页商品，验证按钮文案变化\ncy.contains('仓库中').click().wait(1000);\ncy.get('button').contains('全选本页').eq(0).click().wait(1000);\ncy.contains('取消全选').should('be.visible');\n//点击下一步进入设置折扣页面\ncy.contains('下一步').click().wait(2000);\n//批量设置商品折扣为8折,取消后再次点击，设置折扣为9折\ncy.get('span').contains('批量打折').parent().parent().next().as('pldzsrk');\ncy.get('@pldzsrk').click().type('8').wait(1000);\ncy.contains('取消').click().wait(1000);\ncy.get('@pldzsrk').within(() => {\n  cy.get('input').clear().type('9');\n}).wait(1000);\ncy.contains('确定').click().wait(2000);\ncy.contains('下一步').click().wait(2000);\ncy.contains('活动创建成功').should('be.visible');\ncy.contains('查看活动详情').should('be.visible');\ncy.contains('返回活动列表').should('be.visible');\ncy.contains('查看活动详情').click();\ncy.url().should('contain', '/huodong/zhekou-detail-v2');\ncy.go('back').wait(1000);\ncy.contains('返回活动列表').click();\ncy.url().should('contain', '/huodong/list-v2');",
              "err": {},
              "uuid": "6028ca51-80c2-41b9-aaa2-da8e4c2e311d",
              "parentUUID": "2ee0897e-8af6-4b9e-abb3-3c4e0aab28ca",
              "isHook": false,
              "skipped": false
            },
            {
              "title": "成功修改活动信息",
              "fullTitle": "普通折扣主流程 成功修改活动信息",
              "timedOut": null,
              "duration": 13134,
              "state": "failed",
              "speed": null,
              "pass": false,
              "fail": true,
              "pending": false,
              "context": null,
              "code": "cy.visit('https://meizhe.meideng.net/huodong/list-v2').wait(5000);\ncy.get('body').then($body => {\n  const global_popwin_close = $body.find('button.mz-modal-adv-close-button:visible');\n  const global_tip1_close = $body.find('button.ant-tour-close:visible');\n  if (global_popwin_close.length !== 0) {\n    cy.wrap(global_popwin_close).click(); // 使用 cy.wrap 包装 jQuery 对象\n  }\n  if (global_tip1_close.length !== 0) {\n    cy.wrap(global_tip1_close).click();\n  }\n});\n//打开修改信息弹窗\ncy.contains('修改信息').eq(0).click().wait(2000);\n//修改价格标签为其他\ncy.get('#update-settings>div').eq(0).within(() => {\n  cy.get('input').click().wait(500);\n});\ncy.contains('热卖促销').click().wait(1000);\n//修改开始时间为当前时间晚一天\ncy.get('#update-settings>div').eq(1).within(() => {\n  cy.get('input').click().wait(500);\n});\ncy.get('div').contains('今天').parent().parent().then($today => {\n  cy.log($today[0].outerHTML);\n  if ($today[0].nextElementSibling !== null) {\n    //元素存在时的操作\n    cy.log('elements exist');\n    cy.get($today).next().click();\n  } else {\n    //元素不存在时的操作\n    cy.get($today).parent().next().as('nextday');\n    cy.get('@nextday').children().eq(0).click().wait(1000);\n  }\n});\ncy.get('button').contains('今天').next().click().wait(1000);\n//修改结束时间为比开始时间晚两天\ncy.get('#update-settings>div').eq(2).within(() => {\n  cy.get('input').click().wait(500);\n});\ncy.get('button').contains('今天').click().wait(1000);\ncy.contains('活动结束时间不能早于或等于开始时间').should('be.visible');\ncy.get('div').contains('今天').parent().parent().then($tomorrow => {\n  if ($tomorrow[0].nextElementSibling.nextElementSibling !== null) {\n    //元素存在时的操作\n    cy.log('elements exist');\n    cy.get($tomorrow).next().next().click();\n  } else {\n    //元素不存在时的操作\n    cy.get($tomorrow).parent().next().as('nextday');\n    cy.get('@nextday').children().eq(0).click().wait(1000);\n  }\n});\ncy.get('button').contains('今天').next().click().wait(1000);\n//点击确定按钮，完成修改\ncy.get('button.mz-btn.btn-success').trigger('click').wait(500);\ncy.contains('修改成功').should('be.visible');",
              "err": {
                "message": "CypressError: Timed out retrying after 4050ms: `cy.click()` failed because the center of this element is hidden from view:\n\n`<a href=\"/huodong/fzhekou-detail-v2?aid=67eb8fd2d52f790122e20900\">...</a>`\n\nFix this problem, or use `{force: true}` to disable error checking.\n\nhttps://on.cypress.io/element-cannot-be-interacted-with",
                "estack": "CypressError: Timed out retrying after 4050ms: `cy.click()` failed because the center of this element is hidden from view:\n\n`<a href=\"/huodong/fzhekou-detail-v2?aid=67eb8fd2d52f790122e20900\">...</a>`\n\nFix this problem, or use `{force: true}` to disable error checking.\n\nhttps://on.cypress.io/element-cannot-be-interacted-with\n    at ensureIsDescendent (https://meizhe.meideng.net/__cypress/runner/cypress_runner.js:112930:66)\n    at ensureDescendents (https://meizhe.meideng.net/__cypress/runner/cypress_runner.js:112966:5)\n    at possiblyScrollMultipleTimes (https://meizhe.meideng.net/__cypress/runner/cypress_runner.js:113073:22)\n    at scrollContainers (https://meizhe.meideng.net/__cypress/runner/cypress_runner.js:113095:16)\n    at ensureDescendentsAndScroll (https://meizhe.meideng.net/__cypress/runner/cypress_runner.js:113099:14)\n    at ensureElIsNotCovered (https://meizhe.meideng.net/__cypress/runner/cypress_runner.js:113103:5)\n    at runAllChecks (https://meizhe.meideng.net/__cypress/runner/cypress_runner.js:113302:52)\n    at retryActionability (https://meizhe.meideng.net/__cypress/runner/cypress_runner.js:113339:16)\n    at tryCatcher (https://meizhe.meideng.net/__cypress/runner/cypress_runner.js:1830:23)\n    at Promise.attempt.Promise.try (https://meizhe.meideng.net/__cypress/runner/cypress_runner.js:4338:29)\n    at whenStable (https://meizhe.meideng.net/__cypress/runner/cypress_runner.js:143744:68)\n    at <unknown> (https://meizhe.meideng.net/__cypress/runner/cypress_runner.js:143685:14)\n    at tryCatcher (https://meizhe.meideng.net/__cypress/runner/cypress_runner.js:1830:23)\n    at Promise._settlePromiseFromHandler (https://meizhe.meideng.net/__cypress/runner/cypress_runner.js:1542:31)\n    at Promise._settlePromise (https://meizhe.meideng.net/__cypress/runner/cypress_runner.js:1599:18)\n    at Promise._settlePromise0 (https://meizhe.meideng.net/__cypress/runner/cypress_runner.js:1644:10)\n    at Promise._settlePromises (https://meizhe.meideng.net/__cypress/runner/cypress_runner.js:1724:18)\n    at Promise._fulfill (https://meizhe.meideng.net/__cypress/runner/cypress_runner.js:1668:18)\n    at <unknown> (https://meizhe.meideng.net/__cypress/runner/cypress_runner.js:5473:46)\nFrom Your Spec Code:\n    at Context.eval (webpack:///./cypress/e2e/1-myproject/meizhe2012/main-process-putongzhekou.cy.js:123:28)",
                "diff": null
              },
              "uuid": "3b5492e8-1d6b-47e8-b535-9332023f79f5",
              "parentUUID": "2ee0897e-8af6-4b9e-abb3-3c4e0aab28ca",
              "isHook": false,
              "skipped": false
            },
            {
              "title": "添加活动页推广正常打开",
              "fullTitle": "普通折扣主流程 添加活动页推广正常打开",
              "timedOut": null,
              "duration": 9956,
              "state": "passed",
              "speed": "medium",
              "pass": true,
              "fail": false,
              "pending": false,
              "context": null,
              "code": "cy.visit('https://meizhe.meideng.net/huodong/list-v2').wait(5000);\ncy.get('body').then($body => {\n  const global_popwin_close = $body.find('button.mz-modal-adv-close-button:visible');\n  const global_tip1_close = $body.find('button.ant-tour-close:visible');\n  if (global_popwin_close.length !== 0) {\n    cy.wrap(global_popwin_close).click(); // 使用 cy.wrap 包装 jQuery 对象\n  }\n  if (global_tip1_close.length !== 0) {\n    cy.wrap(global_tip1_close).click();\n  }\n});\n//点击活动页推广的添加按钮\ncy.get('div.activity-body').eq(0).within(() => {\n  cy.get('span').contains('活动页推广').next().click().wait(500);\n});\n//断言弹窗正确打开\ncy.contains('发布活动页').should('be.visible');",
              "err": {},
              "uuid": "962204c5-5b53-4dc4-a258-9bb65c5613a3",
              "parentUUID": "2ee0897e-8af6-4b9e-abb3-3c4e0aab28ca",
              "isHook": false,
              "skipped": false
            },
            {
              "title": "添加关联水印跳转正确",
              "fullTitle": "普通折扣主流程 添加关联水印跳转正确",
              "timedOut": null,
              "duration": 8989,
              "state": "passed",
              "speed": "medium",
              "pass": true,
              "fail": false,
              "pending": false,
              "context": null,
              "code": "cy.visit('https://meizhe.meideng.net/huodong/list-v2').wait(5000);\ncy.get('body').then($body => {\n  const global_popwin_close = $body.find('button.mz-modal-adv-close-button:visible');\n  const global_tip1_close = $body.find('button.ant-tour-close:visible');\n  if (global_popwin_close.length !== 0) {\n    cy.wrap(global_popwin_close).click(); // 使用 cy.wrap 包装 jQuery 对象\n  }\n  if (global_tip1_close.length !== 0) {\n    cy.wrap(global_tip1_close).click();\n  }\n});\n//点击关联水印的添加按钮\ncy.get('div.activity-body').eq(0).within(() => {\n  cy.get('span').contains('关联水印').next().click();\n});\n//断言跳转页面的url正确\ncy.url().should('contain', 'shuiyin-new/create');",
              "err": {},
              "uuid": "a50b249e-2efd-4e7c-b1a9-4818fa8bec7a",
              "parentUUID": "2ee0897e-8af6-4b9e-abb3-3c4e0aab28ca",
              "isHook": false,
              "skipped": false
            },
            {
              "title": "添加短信营销跳转正确",
              "fullTitle": "普通折扣主流程 添加短信营销跳转正确",
              "timedOut": null,
              "duration": 7441,
              "state": "passed",
              "speed": "medium",
              "pass": true,
              "fail": false,
              "pending": false,
              "context": null,
              "code": "cy.visit('https://meizhe.meideng.net/huodong/list-v2').wait(5000);\ncy.get('body').then($body => {\n  const global_popwin_close = $body.find('button.mz-modal-adv-close-button:visible');\n  const global_tip1_close = $body.find('button.ant-tour-close:visible');\n  if (global_popwin_close.length !== 0) {\n    cy.wrap(global_popwin_close).click(); // 使用 cy.wrap 包装 jQuery 对象\n  }\n  if (global_tip1_close.length !== 0) {\n    cy.wrap(global_tip1_close).click();\n  }\n});\n//点击短信营销的添加按钮\ncy.get('div.activity-body').eq(0).within(() => {\n  cy.get('span').contains('短信营销').next().click();\n});\n//断言跳转页面的url正确\ncy.url().should('contain', 'sms/create');",
              "err": {},
              "uuid": "547f5dbd-569b-4773-90b4-e12e8a147736",
              "parentUUID": "2ee0897e-8af6-4b9e-abb3-3c4e0aab28ca",
              "isHook": false,
              "skipped": false
            },
            {
              "title": "成功添加商品",
              "fullTitle": "普通折扣主流程 成功添加商品",
              "timedOut": null,
              "duration": 26467,
              "state": "failed",
              "speed": null,
              "pass": false,
              "fail": true,
              "pending": false,
              "context": null,
              "code": "cy.visit('https://meizhe.meideng.net/huodong/list-v2').wait(5000);\n// const global_popwin=document.querySelector('button.mz-modal-adv-close-button');\n// if(global_popwin.style.display!=='none'){\n//     cy.log('elements exist');\n//     cy.wrap('button.mz-modal-adv-close-button').click();\n// }\ncy.get('body').then($body => {\n  const global_popwin_close = $body.find('button.mz-modal-adv-close-button:visible');\n  const global_tip1_close = $body.find('button.ant-tour-close:visible');\n  if (global_popwin_close.length !== 0) {\n    cy.wrap(global_popwin_close).click(); // 使用 cy.wrap 包装 jQuery 对象\n  }\n  if (global_tip1_close.length !== 0) {\n    cy.wrap(global_tip1_close).click();\n  }\n});\n//打开添加商品页面并断言跳转页面url正确\ncy.contains('添加商品').eq(0).click();\ncy.url().should('contain', 'huodong/zhekou-add-item');\n//断言第一个商品已参加活动，并添加第二个商品\ncy.get('button').contains('选择商品').parent().parent().prev().within(() => {\n  cy.get('span').contains('已参加').should('be.visible');\n});\ncy.get('button').contains('选择商品').eq(0).click().wait(1000);\ncy.contains('仓库中').click().wait(500);\ncy.get('i.icon-xiayiye').eq(0).parent().click().wait(1000);\ncy.get('button').contains('全选本页').eq(0).click().wait(1000);\ncy.contains('取消全选').should('be.visible');\ncy.contains('加入此活动并设置折扣').click().wait(2000);\ncy.get('span').contains('批量减价').parent().parent().next().as('pljjsrk');\ncy.get('@pljjsrk').click().type('100').wait(1000);\ncy.get('@pljjsrk').next().within(() => {\n  cy.get('button').contains('取消').click();\n});\ncy.get('@pljjsrk').within(() => {\n  cy.get('input').clear().type('200');\n}).wait(1000);\ncy.get('@pljjsrk').next().within(() => {\n  cy.get('button').contains('确定').click();\n});\ncy.contains('完成设置并提交').click().wait(500);\ncy.contains('成功加入活动').should('be.visible');\ncy.contains('查看活动详情').should('be.visible');\ncy.contains('返回活动列表').should('be.visible');\ncy.contains('添加更多商品').should('be.visible');\ncy.contains('查看活动详情').click();\ncy.url().should('contain', '/huodong/zhekou-detail-v2');\ncy.go('back').wait(1000);\ncy.contains('返回活动列表').click();\ncy.url().should('contain', '/huodong/list-v2');\ncy.go('back').wait(1000);\ncy.contains('添加更多商品').click();\ncy.url().should('contain', '/huodong/zhekou-add-item');",
              "err": {
                "message": "Error: The following error originated from your application code, not from Cypress.\n\n  > Script error.\n\nCypress detected that an uncaught error was thrown from a cross origin script.\n\nWe cannot provide you the stack trace, line number, or file where this error occurred.\n\nCheck your Developer Tools Console for the actual error - it should be printed there.\n\nIt's possible to enable debugging these scripts by adding the `crossorigin` attribute and setting a CORS header.\n\nWhen Cypress detects uncaught errors originating from your application it will automatically fail the current test.\n\nThis behavior is configurable, and you can choose to turn this off by listening to the `uncaught:exception` event.\n\nhttps://on.cypress.io/uncaught-exception-from-application\n\nhttps://on.cypress.io/cross-origin-script-error",
                "estack": "Error: The following error originated from your application code, not from Cypress.\n\n  > Script error.\n\nCypress detected that an uncaught error was thrown from a cross origin script.\n\nWe cannot provide you the stack trace, line number, or file where this error occurred.\n\nCheck your Developer Tools Console for the actual error - it should be printed there.\n\nIt's possible to enable debugging these scripts by adding the `crossorigin` attribute and setting a CORS header.\n\nWhen Cypress detects uncaught errors originating from your application it will automatically fail the current test.\n\nThis behavior is configurable, and you can choose to turn this off by listening to the `uncaught:exception` event.\n\nhttps://on.cypress.io/uncaught-exception-from-application\n\nhttps://on.cypress.io/cross-origin-script-error",
                "diff": null
              },
              "uuid": "6b7167af-0a60-47e7-ab8e-eb4b0beb506a",
              "parentUUID": "2ee0897e-8af6-4b9e-abb3-3c4e0aab28ca",
              "isHook": false,
              "skipped": false
            },
            {
              "title": "成功修改折扣",
              "fullTitle": "普通折扣主流程 成功修改折扣",
              "timedOut": null,
              "duration": 24039,
              "state": "passed",
              "speed": "slow",
              "pass": true,
              "fail": false,
              "pending": false,
              "context": null,
              "code": "cy.visit('https://meizhe.meideng.net/huodong/list-v2').wait(5000);\ncy.get('body').then($body => {\n  const global_popwin_close = $body.find('button.mz-modal-adv-close-button:visible');\n  const global_tip1_close = $body.find('button.ant-tour-close:visible');\n  if (global_popwin_close.length !== 0) {\n    cy.wrap(global_popwin_close).click(); // 使用 cy.wrap 包装 jQuery 对象\n  }\n  if (global_tip1_close.length !== 0) {\n    cy.wrap(global_tip1_close).click();\n  }\n});\ncy.contains('修改折扣').eq(0).click();\ncy.url().should('contain', '/huodong/zhekou-edit-promo');\ncy.get('span').contains('批量打折').parent().parent().next().as('pldzsrk');\ncy.get('@pldzsrk').click().type('9.5').wait(1000);\ncy.contains('确定').click().wait(1000);\ncy.contains('完成修改并提交').click().wait(2000);\ncy.contains('活动修改成功').should('be.visible');\ncy.contains('查看活动详情').click();\ncy.url().should('contain', '/huodong/zhekou-detail-v2');\ncy.go('back').wait(1000);\ncy.contains('返回活动列表').click();\ncy.url().should('contain', '/huodong/list-v2');",
              "err": {},
              "uuid": "a5f9424e-af17-4971-9e04-9b396c142f5b",
              "parentUUID": "2ee0897e-8af6-4b9e-abb3-3c4e0aab28ca",
              "isHook": false,
              "skipped": false
            },
            {
              "title": "成功删除商品",
              "fullTitle": "普通折扣主流程 成功删除商品",
              "timedOut": null,
              "duration": 16757,
              "state": "passed",
              "speed": "slow",
              "pass": true,
              "fail": false,
              "pending": false,
              "context": null,
              "code": "cy.visit('https://meizhe.meideng.net/huodong/list-v2').wait(5000);\ncy.get('body').then($body => {\n  const global_popwin_close = $body.find('button.mz-modal-adv-close-button:visible');\n  const global_tip1_close = $body.find('button.ant-tour-close:visible');\n  if (global_popwin_close.length !== 0) {\n    cy.wrap(global_popwin_close).click(); // 使用 cy.wrap 包装 jQuery 对象\n  }\n  if (global_tip1_close.length !== 0) {\n    cy.wrap(global_tip1_close).click();\n  }\n});\ncy.contains('删除商品').eq(0).click();\ncy.contains('确认删除').click();\ncy.contains('至少选择一个商品').should('be.visible');\ncy.get('div').contains('至少选择一个商品').next().within(() => {\n  cy.get('button').click();\n});\ncy.contains('选择商品').eq(0).click().wait(1000);\ncy.contains('已选择').should('be.visible');\ncy.get('i.icon-xiayiye').eq(0).parent().click();\ncy.contains('全选本页').click().wait(500);\ncy.contains('已选择').should('be.visible');\ncy.intercept('POST', 'https://meizhe.meideng.net/common/zk/item/remove').as('removeitemRequest');\ncy.contains('确认删除').click();\ncy.wait('@removeitemRequest').then(interception => {\n  // 验证请求是否成功\n  expect(interception.response.statusCode).to.eq(200);\n});\ncy.url().should('contain', '/huodong/zhekou-detail-v2');",
              "err": {},
              "uuid": "d9d2aa77-78dc-4a64-8a90-2050eafc4009",
              "parentUUID": "2ee0897e-8af6-4b9e-abb3-3c4e0aab28ca",
              "isHook": false,
              "skipped": false
            },
            {
              "title": "成功复制活动",
              "fullTitle": "普通折扣主流程 成功复制活动",
              "timedOut": null,
              "duration": 8810,
              "state": "passed",
              "speed": "medium",
              "pass": true,
              "fail": false,
              "pending": false,
              "context": null,
              "code": "cy.visit('https://meizhe.meideng.net/huodong/list-v2').wait(5000);\ncy.get('body').then($body => {\n  const global_popwin_close = $body.find('button.mz-modal-adv-close-button:visible');\n  const global_tip1_close = $body.find('button.ant-tour-close:visible');\n  if (global_popwin_close.length !== 0) {\n    cy.wrap(global_popwin_close).click(); // 使用 cy.wrap 包装 jQuery 对象\n  }\n  if (global_tip1_close.length !== 0) {\n    cy.wrap(global_tip1_close).click();\n  }\n});\ncy.contains('更多').eq(0).trigger('mouseover');\ncy.contains('复制活动').click();\ncy.url().should('contain', '/huodong/zhekou-copy-act');",
              "err": {},
              "uuid": "71b3aef7-70f6-4fa0-a6e7-b0e597612076",
              "parentUUID": "2ee0897e-8af6-4b9e-abb3-3c4e0aab28ca",
              "isHook": false,
              "skipped": false
            },
            {
              "title": "成功跳转自定义导出页面",
              "fullTitle": "普通折扣主流程 成功跳转自定义导出页面",
              "timedOut": null,
              "duration": 9435,
              "state": "passed",
              "speed": "medium",
              "pass": true,
              "fail": false,
              "pending": false,
              "context": null,
              "code": "cy.visit('https://meizhe.meideng.net/huodong/list-v2').wait(5000);\ncy.get('body').then($body => {\n  const global_popwin_close = $body.find('button.mz-modal-adv-close-button:visible');\n  const global_tip1_close = $body.find('button.ant-tour-close:visible');\n  if (global_popwin_close.length !== 0) {\n    cy.wrap(global_popwin_close).click(); // 使用 cy.wrap 包装 jQuery 对象\n  }\n  if (global_tip1_close.length !== 0) {\n    cy.wrap(global_tip1_close).click();\n  }\n});\ncy.contains('更多').eq(0).trigger('mouseover');\ncy.contains('自定义导出').click();\ncy.url().should('contain', '/excel_export/commodity_information');",
              "err": {},
              "uuid": "f8c0fcfe-3ef2-4275-9dbb-4f909f0d2e9a",
              "parentUUID": "2ee0897e-8af6-4b9e-abb3-3c4e0aab28ca",
              "isHook": false,
              "skipped": false
            },
            {
              "title": "成功导入文件选择商品",
              "fullTitle": "普通折扣主流程 成功导入文件选择商品",
              "timedOut": null,
              "duration": 13134,
              "state": "passed",
              "speed": "slow",
              "pass": true,
              "fail": false,
              "pending": false,
              "context": null,
              "code": "cy.visit('https://meizhe.meideng.net/huodong/list-v2').wait(5000);\ncy.get('body').then($body => {\n  const global_popwin_close = $body.find('button.mz-modal-adv-close-button:visible');\n  const global_tip1_close = $body.find('button.ant-tour-close:visible');\n  if (global_popwin_close.length !== 0) {\n    cy.wrap(global_popwin_close).click(); // 使用 cy.wrap 包装 jQuery 对象\n  }\n  if (global_tip1_close.length !== 0) {\n    cy.wrap(global_tip1_close).click();\n  }\n});\ncy.contains('更多').eq(0).trigger('mouseover');\ncy.contains('导入 Excel').click();\ncy.contains('导入 Excel 文件').click();\ncy.get('input[type=\"file\"]').should('exist');\ncy.get('input[type=\"file\"]').selectFile('cypress/fixtures/putongzhekou.xls', {\n  force: true\n});\ncy.url().should('contain', '/huodong/zhekou-add-item');\ncy.contains('导入成功').should('be.visible');\ncy.contains('完成设置并提交').click();\ncy.contains('成功加入活动').should('be.visible');",
              "err": {},
              "uuid": "80b83de1-3fa2-44ed-bab6-21dd614cacc4",
              "parentUUID": "2ee0897e-8af6-4b9e-abb3-3c4e0aab28ca",
              "isHook": false,
              "skipped": false
            },
            {
              "title": "成功导出活动表格",
              "fullTitle": "普通折扣主流程 成功导出活动表格",
              "timedOut": null,
              "duration": 11115,
              "state": "passed",
              "speed": "slow",
              "pass": true,
              "fail": false,
              "pending": false,
              "context": null,
              "code": "cy.visit('https://meizhe.meideng.net/huodong/list-v2').wait(5000);\ncy.get('body').then($body => {\n  const global_popwin_close = $body.find('button.mz-modal-adv-close-button:visible');\n  const global_tip1_close = $body.find('button.ant-tour-close:visible');\n  if (global_popwin_close.length !== 0) {\n    cy.wrap(global_popwin_close).click(); // 使用 cy.wrap 包装 jQuery 对象\n  }\n  if (global_tip1_close.length !== 0) {\n    cy.wrap(global_tip1_close).click();\n  }\n});\ncy.contains('更多').eq(0).trigger('mouseover');\ncy.intercept('POST', 'https://meizhe.meideng.net/common/get_export_token').as('exportzhekou');\ncy.contains('导出 Excel').click();\ncy.wait(3000);\ncy.wait('@exportzhekou').then(interception => {\n  // 验证请求是否成功\n  expect(interception.response.statusCode).to.eq(200);\n  expect(interception.response.body).to.have.property('success', 1);\n});",
              "err": {},
              "uuid": "9eef5078-a92e-491e-8479-13d794dbc45b",
              "parentUUID": "2ee0897e-8af6-4b9e-abb3-3c4e0aab28ca",
              "isHook": false,
              "skipped": false
            },
            {
              "title": "成功跳转创建折上折页面",
              "fullTitle": "普通折扣主流程 成功跳转创建折上折页面",
              "timedOut": null,
              "duration": 9975,
              "state": "passed",
              "speed": "medium",
              "pass": true,
              "fail": false,
              "pending": false,
              "context": null,
              "code": "cy.visit('https://meizhe.meideng.net/huodong/list-v2').wait(5000);\ncy.get('body').then($body => {\n  const global_popwin_close = $body.find('button.mz-modal-adv-close-button:visible');\n  const global_tip1_close = $body.find('button.ant-tour-close:visible');\n  if (global_popwin_close.length !== 0) {\n    cy.wrap(global_popwin_close).click(); // 使用 cy.wrap 包装 jQuery 对象\n  }\n  if (global_tip1_close.length !== 0) {\n    cy.wrap(global_tip1_close).click();\n  }\n});\ncy.contains('更多').eq(0).trigger('mouseover');\ncy.get('div.activity-body').eq(0).within(() => {\n  cy.contains('定时折上折').click();\n});\ncy.url().should('contain', '/huodong/zszhekou-create');",
              "err": {},
              "uuid": "b1d4ee70-29e9-4f5c-a74c-8321d88fa2bf",
              "parentUUID": "2ee0897e-8af6-4b9e-abb3-3c4e0aab28ca",
              "isHook": false,
              "skipped": false
            },
            {
              "title": "成功结束活动",
              "fullTitle": "普通折扣主流程 成功结束活动",
              "timedOut": null,
              "duration": 9145,
              "state": "passed",
              "speed": "medium",
              "pass": true,
              "fail": false,
              "pending": false,
              "context": null,
              "code": "cy.visit('https://meizhe.meideng.net/huodong/list-v2').wait(5000);\ncy.get('body').then($body => {\n  const global_popwin_close = $body.find('button.mz-modal-adv-close-button:visible');\n  const global_tip1_close = $body.find('button.ant-tour-close:visible');\n  if (global_popwin_close.length !== 0) {\n    cy.wrap(global_popwin_close).click(); // 使用 cy.wrap 包装 jQuery 对象\n  }\n  if (global_tip1_close.length !== 0) {\n    cy.wrap(global_tip1_close).click();\n  }\n});\ncy.get('i.icon-shanchu').eq(0).parent().within(() => {\n  cy.get('i.icon-shanchu').click();\n});\ncy.get('button').contains('不结束').click();\ncy.get('i.icon-shanchu').eq(0).parent().within(() => {\n  cy.get('i.icon-shanchu').click();\n});\n//获取结束活动的接口请求\ncy.intercept('POST', 'https://meizhe.meideng.net/common/zk/stop').as('endActivityRequest');\ncy.get('button').contains('不结束').next().click();\ncy.wait('@endActivityRequest').then(interception => {\n  // 验证请求是否成功\n  expect(interception.response.statusCode).to.eq(200);\n  expect(interception.response.body).to.have.property('success', 1);\n});",
              "err": {},
              "uuid": "6ca0750f-9b1f-4617-b671-6177fc19368f",
              "parentUUID": "2ee0897e-8af6-4b9e-abb3-3c4e0aab28ca",
              "isHook": false,
              "skipped": false
            },
            {
              "title": "成功重开活动",
              "fullTitle": "普通折扣主流程 成功重开活动",
              "timedOut": null,
              "duration": 21721,
              "state": "passed",
              "speed": "slow",
              "pass": true,
              "fail": false,
              "pending": false,
              "context": null,
              "code": "cy.visit('https://meizhe.meideng.net/huodong/list-stopped-v2').wait(5000);\ncy.get('body').then($body => {\n  const global_popwin_close = $body.find('button.mz-modal-adv-close-button:visible');\n  if (global_popwin_close.length !== 0) {\n    cy.wrap(global_popwin_close).click(); // 使用 cy.wrap 包装 jQuery 对象\n  }\n});\ncy.get('i.icon-chongkai').eq(0).click();\ncy.contains('点此完整重开').click();\ncy.url().should('contain', '/huodong/zhekou-restart-act');\ncy.go('back');\ncy.get('i.icon-chongkai').eq(0).click();\ncy.contains('确认重开').click();\ncy.contains('重开完成').should('be.visible');\ncy.visit('https://meizhe.meideng.net/huodong/list-v2').wait(5000);\ncy.get('body').then($body => {\n  const global_popwin_close = $body.find('button.mz-modal-adv-close-button:visible');\n  const global_tip1_close = $body.find('button.ant-tour-close:visible');\n  if (global_popwin_close.length !== 0) {\n    cy.wrap(global_popwin_close).click(); // 使用 cy.wrap 包装 jQuery 对象\n  }\n  if (global_tip1_close.length !== 0) {\n    cy.wrap(global_tip1_close).click();\n  }\n});\ncy.get('i.icon-shanchu').eq(0).parent().within(() => {\n  cy.get('i.icon-shanchu').click();\n});\ncy.get('button').contains('不结束').next().click();",
              "err": {},
              "uuid": "be89a214-5138-43c7-bf31-7aaaf6f4ec59",
              "parentUUID": "2ee0897e-8af6-4b9e-abb3-3c4e0aab28ca",
              "isHook": false,
              "skipped": false
            },
            {
              "title": "成功在已结束活动列表导出Excel",
              "fullTitle": "普通折扣主流程 成功在已结束活动列表导出Excel",
              "timedOut": null,
              "duration": 6801,
              "state": "passed",
              "speed": "medium",
              "pass": true,
              "fail": false,
              "pending": false,
              "context": null,
              "code": "cy.visit('https://meizhe.meideng.net/huodong/list-stopped-v2').wait(2000);\ncy.get('body').then($body => {\n  const global_popwin_close = $body.find('button.mz-modal-adv-close-button:visible');\n  if (global_popwin_close.length !== 0) {\n    cy.wrap(global_popwin_close).click(); // 使用 cy.wrap 包装 jQuery 对象\n  }\n});\ncy.intercept('POST', 'https://meizhe.meideng.net/common/get_export_token').as('exportzhekou');\ncy.contains('导出 Excel').click();\ncy.wait(3000);\ncy.wait('@exportzhekou').then(interception => {\n  // 验证请求是否成功\n  expect(interception.response.statusCode).to.eq(200);\n  expect(interception.response.body).to.have.property('success', 1);\n});",
              "err": {},
              "uuid": "a7b4b18d-7c5d-4bf1-91b6-9d0e81cce8d7",
              "parentUUID": "2ee0897e-8af6-4b9e-abb3-3c4e0aab28ca",
              "isHook": false,
              "skipped": false
            },
            {
              "title": "成功彻底删除折扣活动",
              "fullTitle": "普通折扣主流程 成功彻底删除折扣活动",
              "timedOut": null,
              "duration": 4896,
              "state": "passed",
              "speed": "fast",
              "pass": true,
              "fail": false,
              "pending": false,
              "context": null,
              "code": "cy.visit('https://meizhe.meideng.net/huodong/list-stopped-v2').wait(2000);\ncy.get('body').then($body => {\n  const global_popwin_close = $body.find('button.mz-modal-adv-close-button:visible');\n  if (global_popwin_close.length !== 0) {\n    cy.wrap(global_popwin_close).click(); // 使用 cy.wrap 包装 jQuery 对象\n  }\n});\ncy.get('i.icon-yongjiushanchu').eq(0).click();\ncy.contains('不删除').click();\ncy.get('i.icon-yongjiushanchu').eq(0).click();\ncy.intercept('post', 'https://meizhe.meideng.net/common/zk/hide').as('yongjiushanchu');\ncy.contains('不删除').next().click();\ncy.wait('@yongjiushanchu').then(interception => {\n  expect(interception.response.statusCode).to.eq(200);\n  expect(interception.response.body).to.have.property('success', 1);\n});",
              "err": {},
              "uuid": "ab3c134b-61f4-4203-a7c3-7ed3a9f209d2",
              "parentUUID": "2ee0897e-8af6-4b9e-abb3-3c4e0aab28ca",
              "isHook": false,
              "skipped": false
            }
          ],
          "suites": [],
          "passes": [
            "c0140c0c-d125-4632-8f26-2821b428a03c",
            "6028ca51-80c2-41b9-aaa2-da8e4c2e311d",
            "962204c5-5b53-4dc4-a258-9bb65c5613a3",
            "a50b249e-2efd-4e7c-b1a9-4818fa8bec7a",
            "547f5dbd-569b-4773-90b4-e12e8a147736",
            "a5f9424e-af17-4971-9e04-9b396c142f5b",
            "d9d2aa77-78dc-4a64-8a90-2050eafc4009",
            "71b3aef7-70f6-4fa0-a6e7-b0e597612076",
            "f8c0fcfe-3ef2-4275-9dbb-4f909f0d2e9a",
            "80b83de1-3fa2-44ed-bab6-21dd614cacc4",
            "9eef5078-a92e-491e-8479-13d794dbc45b",
            "b1d4ee70-29e9-4f5c-a74c-8321d88fa2bf",
            "6ca0750f-9b1f-4617-b671-6177fc19368f",
            "be89a214-5138-43c7-bf31-7aaaf6f4ec59",
            "a7b4b18d-7c5d-4bf1-91b6-9d0e81cce8d7",
            "ab3c134b-61f4-4203-a7c3-7ed3a9f209d2"
          ],
          "failures": [
            "3b5492e8-1d6b-47e8-b535-9332023f79f5",
            "6b7167af-0a60-47e7-ab8e-eb4b0beb506a"
          ],
          "pending": [],
          "skipped": [],
          "duration": 248111,
          "root": false,
          "rootEmpty": false,
          "_timeout": 2000
        }
      ],
      "passes": [],
      "failures": [],
      "pending": [],
      "skipped": [],
      "duration": 0,
      "root": true,
      "rootEmpty": true,
      "_timeout": 2000
    }
  ],
  "meta": {
    "mocha": {
      "version": "7.0.1"
    },
    "mochawesome": {
      "options": {
        "quiet": false,
        "reportFilename": "mochawesome",
        "saveHtml": false,
        "saveJson": true,
        "consoleReporter": "spec",
        "useInlineDiffs": false,
        "code": true
      },
      "version": "7.1.3"
    },
    "marge": {
      "options": {
        "reportDir": "cypress/reports/mochawesome",
        "overwrite": false,
        "html": false,
        "json": true
      },
      "version": "6.2.0"
    }
  }
}