{
  "stats": {
    "suites": 1,
    "tests": 5,
    "passes": 2,
    "pending": 0,
    "failures": 3,
    "start": "2025-06-12T06:08:59.890Z",
    "end": "2025-06-12T06:14:28.744Z",
    "duration": 328854,
    "testsRegistered": 5,
    "passPercent": 40,
    "pendingPercent": 0,
    "other": 0,
    "hasOther": false,
    "skipped": 0,
    "hasSkipped": false
  },
  "results": [
    {
      "uuid": "a834ca98-3580-49c4-8dbe-b7e4bccc9748",
      "title": "",
      "fullFile": "cypress\\e2e\\4-act\\112334shuiyin\\shuiyin112334.cy.js",
      "file": "cypress\\e2e\\4-act\\112334shuiyin\\shuiyin112334.cy.js",
      "beforeHooks": [],
      "afterHooks": [],
      "tests": [],
      "suites": [
        {
          "uuid": "612d1704-3926-48d2-b644-d0ddb635dee5",
          "title": "多尺寸水印功能完整流程测试",
          "fullFile": "",
          "file": "",
          "beforeHooks": [],
          "afterHooks": [],
          "tests": [
            {
              "title": "1. 创建水印",
              "fullTitle": "多尺寸水印功能完整流程测试 1. 创建水印",
              "timedOut": null,
              "duration": 53172,
              "state": "passed",
              "speed": "slow",
              "pass": true,
              "fail": false,
              "pending": false,
              "context": null,
              "code": "(0, _create112334Cy.create112334Watermark)();",
              "err": {},
              "uuid": "3274ede3-9b61-43aa-b7bc-265e5c6775b2",
              "parentUUID": "612d1704-3926-48d2-b644-d0ddb635dee5",
              "isHook": false,
              "skipped": false
            },
            {
              "title": "2. 修改活动信息",
              "fullTitle": "多尺寸水印功能完整流程测试 2. 修改活动信息",
              "timedOut": null,
              "duration": 25797,
              "state": "passed",
              "speed": "slow",
              "pass": true,
              "fail": false,
              "pending": false,
              "context": null,
              "code": "watermarkTest.modifyact();",
              "err": {},
              "uuid": "8f42dc33-da89-47b5-baf6-a119f6fc3aa9",
              "parentUUID": "612d1704-3926-48d2-b644-d0ddb635dee5",
              "isHook": false,
              "skipped": false
            },
            {
              "title": "3. 修改水印",
              "fullTitle": "多尺寸水印功能完整流程测试 3. 修改水印",
              "timedOut": null,
              "duration": 29439,
              "state": "failed",
              "speed": null,
              "pass": false,
              "fail": true,
              "pending": false,
              "context": null,
              "code": "watermarkTest.modifyWatermark();",
              "err": {
                "message": "CypressError: Timed out retrying after 4050ms: `cy.click()` failed because this element:\n\n`<button class=\"BKXijv6x icYbhM6i _10FPpG77 _2HNw7_rq YQ6MBSnb _3S4rs61U _3PMLNtoR mzc-margin mzc-margin mzc-margin-small-horz mzc-margin-xs-vert\" type=\"button\">修改水印</button>`\n\nis being covered by another element:\n\n`<div class=\"CjiBY407 mzc-popover-anchor\">...</div>`\n\nFix this problem, or use {force: true} to disable error checking.\n\nhttps://on.cypress.io/element-cannot-be-interacted-with",
                "estack": "CypressError: Timed out retrying after 4050ms: `cy.click()` failed because this element:\n\n`<button class=\"BKXijv6x icYbhM6i _10FPpG77 _2HNw7_rq YQ6MBSnb _3S4rs61U _3PMLNtoR mzc-margin mzc-margin mzc-margin-small-horz mzc-margin-xs-vert\" type=\"button\">修改水印</button>`\n\nis being covered by another element:\n\n`<div class=\"CjiBY407 mzc-popover-anchor\">...</div>`\n\nFix this problem, or use {force: true} to disable error checking.\n\nhttps://on.cypress.io/element-cannot-be-interacted-with\n    at ensureIsDescendent (https://meizhe.meideng.net/__cypress/runner/cypress_runner.js:112915:68)\n    at ensureDescendents (https://meizhe.meideng.net/__cypress/runner/cypress_runner.js:112966:5)\n    at ensureDescendentsAndScroll (https://meizhe.meideng.net/__cypress/runner/cypress_runner.js:112972:14)\n    at ensureElIsNotCovered (https://meizhe.meideng.net/__cypress/runner/cypress_runner.js:113103:5)\n    at runAllChecks (https://meizhe.meideng.net/__cypress/runner/cypress_runner.js:113302:52)\n    at retryActionability (https://meizhe.meideng.net/__cypress/runner/cypress_runner.js:113339:16)\n    at tryCatcher (https://meizhe.meideng.net/__cypress/runner/cypress_runner.js:1830:23)\n    at Promise.attempt.Promise.try (https://meizhe.meideng.net/__cypress/runner/cypress_runner.js:4338:29)\n    at whenStable (https://meizhe.meideng.net/__cypress/runner/cypress_runner.js:143744:68)\n    at <unknown> (https://meizhe.meideng.net/__cypress/runner/cypress_runner.js:143685:14)\n    at tryCatcher (https://meizhe.meideng.net/__cypress/runner/cypress_runner.js:1830:23)\n    at Promise._settlePromiseFromHandler (https://meizhe.meideng.net/__cypress/runner/cypress_runner.js:1542:31)\n    at Promise._settlePromise (https://meizhe.meideng.net/__cypress/runner/cypress_runner.js:1599:18)\n    at Promise._settlePromise0 (https://meizhe.meideng.net/__cypress/runner/cypress_runner.js:1644:10)\n    at Promise._settlePromises (https://meizhe.meideng.net/__cypress/runner/cypress_runner.js:1724:18)\n    at Promise._fulfill (https://meizhe.meideng.net/__cypress/runner/cypress_runner.js:1668:18)\n    at <unknown> (https://meizhe.meideng.net/__cypress/runner/cypress_runner.js:5473:46)\nFrom Your Spec Code:\n    at Object.modifyWatermark (webpack://meizhe2025/./cypress/e2e/4-act/11shuiyin/modify.cy.js:20:53)\n    at BaseWatermarkTest.modifyWatermark (webpack://meizhe2025/./cypress/e2e/4-act/common/baseWatermark.js:17:64)\n    at Context.eval (webpack://meizhe2025/./cypress/e2e/4-act/112334shuiyin/shuiyin112334.cy.js:22:18)",
                "diff": null
              },
              "uuid": "0c69ecdc-56b8-4c3b-94a5-b651c02499b1",
              "parentUUID": "612d1704-3926-48d2-b644-d0ddb635dee5",
              "isHook": false,
              "skipped": false
            },
            {
              "title": "4. 结束并重开水印",
              "fullTitle": "多尺寸水印功能完整流程测试 4. 结束并重开水印",
              "timedOut": null,
              "duration": 68550,
              "state": "failed",
              "speed": null,
              "pass": false,
              "fail": true,
              "pending": false,
              "context": null,
              "code": "watermarkTest.restartWatermark();",
              "err": {
                "message": "AssertionError: expected '684a6ff2684e0d01819556eb' to equal '6847aad65e9f0d2e29de7fb2'",
                "estack": "AssertionError: expected '684a6ff2684e0d01819556eb' to equal '6847aad65e9f0d2e29de7fb2'\n    at Context.eval (webpack://meizhe2025/./cypress/e2e/4-act/11shuiyin/restart.cy.js:96:30)",
                "diff": "- '684a6ff2684e0d01819556eb'\n+ '6847aad65e9f0d2e29de7fb2'\n"
              },
              "uuid": "3a84964c-88b6-41e2-88b6-e9603efe6431",
              "parentUUID": "612d1704-3926-48d2-b644-d0ddb635dee5",
              "isHook": false,
              "skipped": false
            },
            {
              "title": "5. 添加删除商品",
              "fullTitle": "多尺寸水印功能完整流程测试 5. 添加删除商品",
              "timedOut": null,
              "duration": 35704,
              "state": "failed",
              "speed": null,
              "pass": false,
              "fail": true,
              "pending": false,
              "context": null,
              "code": "watermarkTest.addproducts();",
              "err": {
                "message": "CypressError: Timed out retrying after 4050ms: `cy.click()` failed because this element:\n\n`<span class=\"\">...</span>`\n\nis being covered by another element:\n\n`<div class=\"CjiBY407 mzc-popover-anchor\">...</div>`\n\nFix this problem, or use {force: true} to disable error checking.\n\nhttps://on.cypress.io/element-cannot-be-interacted-with",
                "estack": "CypressError: Timed out retrying after 4050ms: `cy.click()` failed because this element:\n\n`<span class=\"\">...</span>`\n\nis being covered by another element:\n\n`<div class=\"CjiBY407 mzc-popover-anchor\">...</div>`\n\nFix this problem, or use {force: true} to disable error checking.\n\nhttps://on.cypress.io/element-cannot-be-interacted-with\n    at ensureIsDescendent (https://meizhe.meideng.net/__cypress/runner/cypress_runner.js:112915:68)\n    at ensureDescendents (https://meizhe.meideng.net/__cypress/runner/cypress_runner.js:112966:5)\n    at ensureDescendentsAndScroll (https://meizhe.meideng.net/__cypress/runner/cypress_runner.js:112972:14)\n    at ensureElIsNotCovered (https://meizhe.meideng.net/__cypress/runner/cypress_runner.js:113103:5)\n    at runAllChecks (https://meizhe.meideng.net/__cypress/runner/cypress_runner.js:113302:52)\n    at retryActionability (https://meizhe.meideng.net/__cypress/runner/cypress_runner.js:113339:16)\n    at tryCatcher (https://meizhe.meideng.net/__cypress/runner/cypress_runner.js:1830:23)\n    at Promise.attempt.Promise.try (https://meizhe.meideng.net/__cypress/runner/cypress_runner.js:4338:29)\n    at whenStable (https://meizhe.meideng.net/__cypress/runner/cypress_runner.js:143744:68)\n    at <unknown> (https://meizhe.meideng.net/__cypress/runner/cypress_runner.js:143685:14)\n    at tryCatcher (https://meizhe.meideng.net/__cypress/runner/cypress_runner.js:1830:23)\n    at Promise._settlePromiseFromHandler (https://meizhe.meideng.net/__cypress/runner/cypress_runner.js:1542:31)\n    at Promise._settlePromise (https://meizhe.meideng.net/__cypress/runner/cypress_runner.js:1599:18)\n    at Promise._settlePromise0 (https://meizhe.meideng.net/__cypress/runner/cypress_runner.js:1644:10)\n    at Promise._settlePromises (https://meizhe.meideng.net/__cypress/runner/cypress_runner.js:1724:18)\n    at Promise._fulfill (https://meizhe.meideng.net/__cypress/runner/cypress_runner.js:1668:18)\n    at <unknown> (https://meizhe.meideng.net/__cypress/runner/cypress_runner.js:5473:46)\nFrom Your Spec Code:\n    at Object.addproducts (webpack://meizhe2025/./cypress/e2e/4-act/11shuiyin/product.cy.js:27:23)\n    at BaseWatermarkTest.addproducts (webpack://meizhe2025/./cypress/e2e/4-act/common/baseWatermark.js:25:61)\n    at Context.eval (webpack://meizhe2025/./cypress/e2e/4-act/112334shuiyin/shuiyin112334.cy.js:30:18)",
                "diff": null
              },
              "uuid": "024d2fc3-b4da-486b-ac08-26e45c944805",
              "parentUUID": "612d1704-3926-48d2-b644-d0ddb635dee5",
              "isHook": false,
              "skipped": false
            }
          ],
          "suites": [],
          "passes": [
            "3274ede3-9b61-43aa-b7bc-265e5c6775b2",
            "8f42dc33-da89-47b5-baf6-a119f6fc3aa9"
          ],
          "failures": [
            "0c69ecdc-56b8-4c3b-94a5-b651c02499b1",
            "3a84964c-88b6-41e2-88b6-e9603efe6431",
            "024d2fc3-b4da-486b-ac08-26e45c944805"
          ],
          "pending": [],
          "skipped": [],
          "duration": 212662,
          "root": false,
          "rootEmpty": false,
          "_timeout": 2000
        }
      ],
      "passes": [],
      "failures": [],
      "pending": [],
      "skipped": [],
      "duration": 0,
      "root": true,
      "rootEmpty": true,
      "_timeout": 2000
    }
  ],
  "meta": {
    "mocha": {
      "version": "7.0.1"
    },
    "mochawesome": {
      "options": {
        "quiet": false,
        "reportFilename": "mochawesome",
        "saveHtml": false,
        "saveJson": true,
        "consoleReporter": "spec",
        "useInlineDiffs": false,
        "code": true
      },
      "version": "7.1.3"
    },
    "marge": {
      "options": {
        "output": "mochawesome-report",
        "overwrite": false,
        "html": false,
        "json": true
      },
      "version": "6.2.0"
    }
  }
}