{
  "stats": {
    "suites": 1,
    "tests": 1,
    "passes": 0,
    "pending": 0,
    "failures": 1,
    "start": "2025-06-12T07:12:54.778Z",
    "end": "2025-06-12T07:13:11.813Z",
    "duration": 17035,
    "testsRegistered": 1,
    "passPercent": 0,
    "pendingPercent": 0,
    "other": 1,
    "hasOther": true,
    "skipped": 0,
    "hasSkipped": false
  },
  "results": [
    {
      "uuid": "b30556b0-476e-4593-914a-7c56b8d322fa",
      "title": "",
      "fullFile": "cypress\\e2e\\4-act\\act-suite.cy.js",
      "file": "cypress\\e2e\\4-act\\act-suite.cy.js",
      "beforeHooks": [],
      "afterHooks": [],
      "tests": [],
      "suites": [
        {
          "uuid": "8f60c8e3-9433-4325-a7b0-2b412f6b0109",
          "title": "水印功能测试套件",
          "fullFile": "",
          "file": "",
          "beforeHooks": [],
          "afterHooks": [],
          "tests": [
            {
              "title": "运行1:1水印测试",
              "fullTitle": "水印功能测试套件 运行1:1水印测试",
              "timedOut": null,
              "duration": 5243,
              "state": "failed",
              "speed": null,
              "pass": false,
              "fail": true,
              "pending": false,
              "context": null,
              "code": "cy.log('测试开始');\nconst watermarkTest = new _baseWatermark.BaseWatermarkTest('1:1');\nwatermarkTest.createWatermark();\nwatermarkTest.modifyact();\nwatermarkTest.modifyWatermark();\nwatermarkTest.restartWatermark();\nwatermarkTest.addproducts();\nwatermarkTest.copyactivity();\nwatermarkTest.otheroperations();",
              "err": {
                "message": "TypeError: Cannot read properties of null (reading 'feishuMessage')\n\nBecause this error occurred during a `after all` hook we are skipping the remaining tests in the current suite: `水印功能测试套件`\n\nAlthough you have test retries enabled, we do not retry tests when `before all` or `after all` hooks fail",
                "estack": "TypeError: Cannot read properties of null (reading 'feishuMessage')\n\nBecause this error occurred during a `after all` hook we are skipping the remaining tests in the current suite: `水印功能测试套件`\n\nAlthough you have test retries enabled, we do not retry tests when `before all` or `after all` hooks fail\n    at Context.eval (webpack://meizhe2025/./cypress/e2e/4-act/act-suite.cy.js:77:25)",
                "diff": null
              },
              "uuid": "52cbe244-4cf5-4be1-9e91-193422bcf815",
              "parentUUID": "8f60c8e3-9433-4325-a7b0-2b412f6b0109",
              "isHook": false,
              "skipped": false
            }
          ],
          "suites": [],
          "passes": [],
          "failures": [
            "52cbe244-4cf5-4be1-9e91-193422bcf815"
          ],
          "pending": [],
          "skipped": [],
          "duration": 5243,
          "root": false,
          "rootEmpty": false,
          "_timeout": 2000
        }
      ],
      "passes": [],
      "failures": [],
      "pending": [],
      "skipped": [],
      "duration": 0,
      "root": true,
      "rootEmpty": true,
      "_timeout": 2000
    }
  ],
  "meta": {
    "mocha": {
      "version": "7.0.1"
    },
    "mochawesome": {
      "options": {
        "quiet": false,
        "reportFilename": "mochawesome",
        "saveHtml": false,
        "saveJson": true,
        "consoleReporter": "spec",
        "useInlineDiffs": false,
        "code": true
      },
      "version": "7.1.3"
    },
    "marge": {
      "options": {
        "output": "mochawesome-report",
        "overwrite": false,
        "html": false,
        "json": true
      },
      "version": "6.2.0"
    }
  }
}