{
  "stats": {
    "suites": 1,
    "tests": 1,
    "passes": 0,
    "pending": 0,
    "failures": 1,
    "start": "2025-06-12T06:08:47.522Z",
    "end": "2025-06-12T06:08:47.990Z",
    "duration": 468,
    "testsRegistered": 11,
    "passPercent": 0,
    "pendingPercent": 0,
    "other": 0,
    "hasOther": false,
    "skipped": 10,
    "hasSkipped": true
  },
  "results": [
    {
      "uuid": "6e930bfc-5070-4709-a613-442d57bdf739",
      "title": "",
      "fullFile": "cypress\\e2e\\1-myproject\\meizhe2012\\main-process-quandianmanjianbaoyou.cy.js",
      "file": "cypress\\e2e\\1-myproject\\meizhe2012\\main-process-quandianmanjianbaoyou.cy.js",
      "beforeHooks": [],
      "afterHooks": [],
      "tests": [],
      "suites": [
        {
          "uuid": "29c2e9ef-1aee-4ea3-ae20-ac7a6b28a562",
          "title": "全店满减/包邮主流程",
          "fullFile": "",
          "file": "",
          "beforeHooks": [],
          "afterHooks": [],
          "tests": [
            {
              "title": "点击跳转创建全店满减/包邮",
              "fullTitle": "全店满减/包邮主流程 点击跳转创建全店满减/包邮",
              "timedOut": null,
              "duration": 200,
              "state": "failed",
              "speed": null,
              "pass": false,
              "fail": true,
              "pending": false,
              "context": null,
              "code": "//跳转美折首页\ncy.visit('https://meizhe.meideng.net/home').wait(2000);\n//如果有全局弹窗，则关闭全局弹窗\ncy.get('body').then($body => {\n  const global_popwin_close = $body.find('button.mz-modal-adv-close-button:visible');\n  if (global_popwin_close.length !== 0) {\n    cy.wrap(global_popwin_close).click(); // 使用 cy.wrap 包装 jQuery 对象\n  }\n});\n//hover顶部导航栏，点击全店折扣/减价，验证跳转页面的url是否正确\ncy.get('ul>li').eq(0).trigger('mouseover').wait(1000);\ncy.contains('全店满减/包邮').click();\ncy.url().should('contain', '/huodong/fmjs-create');",
              "err": {
                "message": "CypressError: `cy.setCookie()` must be passed two string arguments for `name` and `value`.\n\nhttps://on.cypress.io/setcookie\n\nBecause this error occurred during a `before each` hook we are skipping the remaining tests in the current suite: `全店满减/包邮主流程`",
                "estack": "CypressError: `cy.setCookie()` must be passed two string arguments for `name` and `value`.\n\nhttps://on.cypress.io/setcookie\n\nBecause this error occurred during a `before each` hook we are skipping the remaining tests in the current suite: `全店满减/包邮主流程`\n    at Context.setCookie (https://meizhe.meideng.net/__cypress/runner/cypress_runner.js:119909:70)\n    at wrapped (https://meizhe.meideng.net/__cypress/runner/cypress_runner.js:138084:43)\nFrom Your Spec Code:\n    at Context.eval (webpack://meizhe2025/./cypress/e2e/1-myproject/meizhe2012/main-process-quandianmanjianbaoyou.cy.js:4:11)",
                "diff": null
              },
              "uuid": "63430221-4eef-41c5-a3eb-9fa3367bd033",
              "parentUUID": "29c2e9ef-1aee-4ea3-ae20-ac7a6b28a562",
              "isHook": false,
              "skipped": false
            },
            {
              "title": "成功创建全店满减/包邮",
              "fullTitle": "全店满减/包邮主流程 成功创建全店满减/包邮",
              "timedOut": null,
              "duration": 0,
              "state": "skipped",
              "speed": null,
              "pass": false,
              "fail": false,
              "pending": false,
              "context": null,
              "code": "cy.visit('https://meizhe.meideng.net/huodong/fmjs-create').wait(2000);\n//如果有全局弹窗，则关闭全局弹窗\ncy.get('body').then($body => {\n  const global_popwin_close = $body.find('button.mz-modal-adv-close-button:visible');\n  if (global_popwin_close.length !== 0) {\n    cy.wrap(global_popwin_close).click(); // 使用 cy.wrap 包装 jQuery 对象\n  }\n});\n//切换活动标签名为“优惠促销”，再点击自定义设置为“新春好礼”\ncy.get('div').contains('满减促销').click();\ncy.contains('优惠促销').click();\ncy.get('button').contains('点这里自定义').click();\ncy.get('input[value=\"满减促销\"]').clear().type('新春好礼');\n//活动备注末尾添加一个1\ncy.get('div').contains('活动备注').parent().within(() => {\n  cy.get('input').type('1');\n});\ncy.get('button').contains('下一步 设置活动详情').click().wait(1000);\n// 移除 target 属性并点击链接\ncy.get('a').contains('查看帮助').parent().invoke('attr', 'href', 'https://www.yuque.com/docs/share/a8054386-5cc6-4200-bd25-72ccda891afe').invoke('removeAttr', 'target').click();\n// 验证新页面内容\ncy.origin('https://www.yuque.com/', () => {\n  cy.contains('满减活动上不封顶什么意思').should('be.visible');\n});\n//跳转回原页面\ncy.origin('https://www.yuque.com/', () => {\n  cy.go('back');\n});\ncy.contains('条件1').parent().parent().next().children().eq(0).within(() => {\n  cy.get('input').eq(1).clear().type('500');\n});\ncy.contains('内容1').parent().parent().next().children().then($neirong1 => {\n  cy.get($neirong1).eq(0).within(() => {\n    cy.get('input').eq(1).clear().type('40').wait(500);\n  });\n  cy.get('i.icon-duoxuan').eq(0).click().wait(500);\n  cy.get('i.icon-duoxuan').eq(1).click().wait(500);\n  cy.get('i.icon-duoxuan').eq(1).click().wait(500);\n  cy.get('a').contains('设置包邮地区').click();\n  cy.get('p').contains('设置包邮地区').should('exist');\n  cy.get('p').contains('设置包邮地区').parent().next().next().within(() => {\n    cy.contains('确定').click();\n  });\n  cy.contains('送礼物').next().as('giftsrk');\n  cy.get('@giftsrk').within(() => {\n    cy.get('input').click().clear().type('测试礼物');\n  });\n});\ncy.contains('活动橙').click();\ncy.contains('不显示横幅').parent().parent().parent().parent().next().as('hengfuyulan');\ncy.get('@hengfuyulan').within(() => {\n  cy.contains('500').should('be.visible');\n  cy.contains('40').should('be.visible');\n  cy.contains('包邮').should('be.visible');\n  cy.contains('上不封顶').should('be.visible');\n  cy.contains('测试礼物').should('be.visible');\n});\ncy.contains('添加横幅到手机详情页').click();\ncy.contains('添加多级优惠').click();\ncy.contains('优惠 2').should('be.visible');\ncy.contains('添加多级优惠').click();\ncy.contains('优惠 3').should('be.visible');\ncy.get(\"i.icon-close2\").click();\ncy.contains('优惠3').should('not.exist');\ncy.get('textarea[placeholder=\"补充您想让买家了解的其他活动信息\"]').click().type('这是测试活动').wait(1000);\ncy.contains('完成并提交').click();\ncy.contains('活动创建成功').should('be.visible');\ncy.contains('查看活动详情').should('be.visible');\ncy.contains('返回活动列表').should('be.visible');\ncy.contains('查看活动详情').click();\ncy.url().should('contain', '/huodong/fmjs-detail-v2');\ncy.go('back').wait(1000);\ncy.contains('返回活动列表').click();\ncy.url().should('contain', '/huodong/list-v2');",
              "err": {},
              "uuid": "b87c872b-84e3-47e5-8371-d2255985bc9a",
              "parentUUID": "29c2e9ef-1aee-4ea3-ae20-ac7a6b28a562",
              "isHook": false,
              "skipped": true
            },
            {
              "title": "添加主图水印跳转正确",
              "fullTitle": "全店满减/包邮主流程 添加主图水印跳转正确",
              "timedOut": null,
              "duration": 0,
              "state": "skipped",
              "speed": null,
              "pass": false,
              "fail": false,
              "pending": false,
              "context": null,
              "code": "cy.visit('https://meizhe.meideng.net/huodong/list-v2').wait(5000);\ncy.get('body').then($body => {\n  const global_popwin_close = $body.find('button.mz-modal-adv-close-button:visible');\n  const global_tip1_close = $body.find('button.ant-tour-close:visible');\n  if (global_popwin_close.length !== 0) {\n    cy.wrap(global_popwin_close).click(); // 使用 cy.wrap 包装 jQuery 对象\n  }\n  if (global_tip1_close.length !== 0) {\n    cy.wrap(global_tip1_close).click();\n  }\n});\n//点击主图水印右侧添加按钮\ncy.get('div.activity-body').eq(0).within(() => {\n  cy.get('span').contains('主图水印').next().click();\n});\n//断言跳转页面的url正确\ncy.url().should('contain', 'shuiyin-new/create');",
              "err": {},
              "uuid": "781d6114-a2e2-4cc1-8560-0331dc444fd6",
              "parentUUID": "29c2e9ef-1aee-4ea3-ae20-ac7a6b28a562",
              "isHook": false,
              "skipped": true
            },
            {
              "title": "添加短信营销跳转正确",
              "fullTitle": "全店满减/包邮主流程 添加短信营销跳转正确",
              "timedOut": null,
              "duration": 0,
              "state": "skipped",
              "speed": null,
              "pass": false,
              "fail": false,
              "pending": false,
              "context": null,
              "code": "cy.visit('https://meizhe.meideng.net/huodong/list-v2').wait(5000);\ncy.get('body').then($body => {\n  const global_popwin_close = $body.find('button.mz-modal-adv-close-button:visible');\n  const global_tip1_close = $body.find('button.ant-tour-close:visible');\n  if (global_popwin_close.length !== 0) {\n    cy.wrap(global_popwin_close).click(); // 使用 cy.wrap 包装 jQuery 对象\n  }\n  if (global_tip1_close.length !== 0) {\n    cy.wrap(global_tip1_close).click();\n  }\n});\n//点击短信营销右侧添加按钮\ncy.get('div.activity-body').eq(0).within(() => {\n  cy.get('span').contains('短信营销').next().click();\n});\n//断言跳转页面的url正确\ncy.url().should('contain', 'sms/create');",
              "err": {},
              "uuid": "bacb04b4-ea4b-4d54-806b-54c866bf0f69",
              "parentUUID": "29c2e9ef-1aee-4ea3-ae20-ac7a6b28a562",
              "isHook": false,
              "skipped": true
            },
            {
              "title": "成功修改活动信息",
              "fullTitle": "全店满减/包邮主流程 成功修改活动信息",
              "timedOut": null,
              "duration": 0,
              "state": "skipped",
              "speed": null,
              "pass": false,
              "fail": false,
              "pending": false,
              "context": null,
              "code": "cy.visit('https://meizhe.meideng.net/huodong/list-v2').wait(5000);\ncy.get('body').then($body => {\n  const global_popwin_close = $body.find('button.mz-modal-adv-close-button:visible');\n  const global_tip1_close = $body.find('button.ant-tour-close:visible');\n  if (global_popwin_close.length !== 0) {\n    cy.wrap(global_popwin_close).click(); // 使用 cy.wrap 包装 jQuery 对象\n  }\n  if (global_tip1_close.length !== 0) {\n    cy.wrap(global_tip1_close).click();\n  }\n});\n//点击修改信息按钮\ncy.contains('修改信息').eq(0).click().wait(2000);\n//修改huodong标签为其他\ncy.get('#update-settings>div').eq(0).within(() => {\n  cy.contains('自定义').click().wait(500);\n});\ncy.contains('满就送礼').click().wait(500);\ncy.get('#update-settings>div').eq(0).within(() => {\n  cy.get('a').contains('点这里自定义').click();\n});\ncy.get('input[value=\"新春好礼\"]').clear().type('春节好礼');\n//修改开始时间为当前时间晚一天\ncy.get('#update-settings>div').eq(1).within(() => {\n  cy.get('input').click().wait(500);\n});\ncy.get('div').contains('今天').parent().parent().then($today => {\n  cy.log($today[0].outerHTML);\n  if ($today[0].nextElementSibling !== null) {\n    //元素存在时的操作\n    cy.log('elements exist');\n    cy.get($today).next().click();\n  } else {\n    //元素不存在时的操作\n    cy.get($today).parent().next().as('nextday');\n    cy.get('@nextday').children().eq(0).click().wait(1000);\n  }\n});\ncy.get('button').contains('今天').next().click().wait(1000);\n//修改结束时间为比开始时间晚两天\ncy.get('#update-settings>div').eq(2).within(() => {\n  cy.get('input').click().wait(500);\n});\ncy.get('button').contains('今天').click().wait(1000);\ncy.contains('活动结束时间不能早于或等于开始时间').should('be.visible');\ncy.get('div').contains('今天').parent().parent().then($tomorrow => {\n  if ($tomorrow[0].nextElementSibling.nextElementSibling !== null) {\n    //元素存在时的操作\n    cy.log('elements exist');\n    cy.get($tomorrow).next().next().click();\n  } else {\n    //元素不存在时的操作\n    cy.get($tomorrow).parent().next().as('nextday');\n    cy.get('@nextday').children().eq(0).click().wait(1000);\n  }\n});\ncy.get('button').contains('今天').next().click().wait(1000);\n//点击确定按钮，完成修改\ncy.get('button.mz-btn.btn-success').trigger('click').wait(500);\ncy.contains('修改成功').should('be.visible');",
              "err": {},
              "uuid": "c81c4f6a-0c06-4c95-9618-42b6ca3e4e3d",
              "parentUUID": "29c2e9ef-1aee-4ea3-ae20-ac7a6b28a562",
              "isHook": false,
              "skipped": true
            },
            {
              "title": "成功修改活动优惠信息",
              "fullTitle": "全店满减/包邮主流程 成功修改活动优惠信息",
              "timedOut": null,
              "duration": 0,
              "state": "skipped",
              "speed": null,
              "pass": false,
              "fail": false,
              "pending": false,
              "context": null,
              "code": "cy.visit('https://meizhe.meideng.net/huodong/list-v2').wait(5000);\ncy.get('body').then($body => {\n  const global_popwin_close = $body.find('button.mz-modal-adv-close-button:visible');\n  const global_tip1_close = $body.find('button.ant-tour-close:visible');\n  if (global_popwin_close.length !== 0) {\n    cy.wrap(global_popwin_close).click(); // 使用 cy.wrap 包装 jQuery 对象\n  }\n  if (global_tip1_close.length !== 0) {\n    cy.wrap(global_tip1_close).click();\n  }\n});\ncy.contains('修改优惠').eq(0).click();\ncy.contains('条件1').parent().parent().next().within(() => {\n  cy.get('i.icon-danxuan').click();\n});\ncy.contains('条件1').parent().parent().next().children().eq(1).within(() => {\n  cy.get('input').eq(1).clear().type('3');\n});\ncy.contains('内容1').parent().parent().next().within(() => {\n  cy.get('i.icon-duoxuan').eq(0).click();\n});\ncy.contains('内容1').parent().parent().next().children().then($neirong1 => {\n  cy.get($neirong1).eq(1).within(() => {\n    cy.get('input').eq(1).clear().type('8').wait(500);\n  });\n});\ncy.get('a').contains('设置包邮地区').click();\ncy.get('p').contains('设置包邮地区').parent().next().within(() => {\n  cy.contains('全不选').click();\n});\ncy.get('p').contains('设置包邮地区').parent().next().next().within(() => {\n  cy.contains('确定').click();\n});\ncy.contains('优惠 2').click();\ncy.get(\"i.icon-close2\").click();\ncy.contains('不显示横幅').parent().parent().parent().parent().next().as('hengfuyulan');\ncy.get('@hengfuyulan').within(() => {\n  cy.contains('3').should('be.visible');\n  cy.contains('8').should('be.visible');\n  cy.contains('包邮').should('not.exist');\n  cy.contains('上不封顶').should('not.exist');\n  cy.contains('测试礼物').should('be.visible');\n});\ncy.contains('完成并提交').click().wait(1000);\ncy.contains('活动创建成功').should('be.visible');\ncy.contains('查看活动详情').should('be.visible');\ncy.contains('返回活动列表').should('be.visible');\ncy.contains('查看活动详情').click();\ncy.url().should('contain', '/huodong/fmjs-detail-v2');\ncy.go('back').wait(1000);\ncy.contains('返回活动列表').click();\ncy.url().should('contain', '/huodong/list-v2');",
              "err": {},
              "uuid": "022b0ef6-5753-4834-839f-f5d9daa5fa18",
              "parentUUID": "29c2e9ef-1aee-4ea3-ae20-ac7a6b28a562",
              "isHook": false,
              "skipped": true
            },
            {
              "title": "成功暂停活动",
              "fullTitle": "全店满减/包邮主流程 成功暂停活动",
              "timedOut": null,
              "duration": 0,
              "state": "skipped",
              "speed": null,
              "pass": false,
              "fail": false,
              "pending": false,
              "context": null,
              "code": "cy.visit('https://meizhe.meideng.net/huodong/list-v2').wait(5000);\ncy.get('body').then($body => {\n  const global_popwin_close = $body.find('button.mz-modal-adv-close-button:visible');\n  const global_tip1_close = $body.find('button.ant-tour-close:visible');\n  if (global_popwin_close.length !== 0) {\n    cy.wrap(global_popwin_close).click(); // 使用 cy.wrap 包装 jQuery 对象\n  }\n  if (global_tip1_close.length !== 0) {\n    cy.wrap(global_tip1_close).click();\n  }\n});\n//点击暂停活动按钮后，等待2秒\ncy.contains('暂停活动').eq(0).click().wait(2000);\ncy.get('div.activity-body').eq(0).within(() => {\n  cy.get('a').contains('修改信息').should('not.exist');\n  cy.get('a').contains('修改优惠').should('not.exist');\n  cy.get('a').contains('暂停活动').should('not.exist');\n  cy.get('a').contains('重启活动').should('be.visible');\n  cy.contains('主图水印').should('not.exist');\n});\ncy.get('span.activity-status').eq(0).within(() => {\n  cy.contains('已暂停').should('be.visible');\n});",
              "err": {},
              "uuid": "456d3baa-eecf-4bc0-ad5a-08dd136f0695",
              "parentUUID": "29c2e9ef-1aee-4ea3-ae20-ac7a6b28a562",
              "isHook": false,
              "skipped": true
            },
            {
              "title": "成功重启活动",
              "fullTitle": "全店满减/包邮主流程 成功重启活动",
              "timedOut": null,
              "duration": 0,
              "state": "skipped",
              "speed": null,
              "pass": false,
              "fail": false,
              "pending": false,
              "context": null,
              "code": "cy.visit('https://meizhe.meideng.net/huodong/list-v2').wait(5000);\ncy.get('body').then($body => {\n  const global_popwin_close = $body.find('button.mz-modal-adv-close-button:visible');\n  const global_tip1_close = $body.find('button.ant-tour-close:visible');\n  if (global_popwin_close.length !== 0) {\n    cy.wrap(global_popwin_close).click(); // 使用 cy.wrap 包装 jQuery 对象\n  }\n  if (global_tip1_close.length !== 0) {\n    cy.wrap(global_tip1_close).click();\n  }\n});\n//点击重启活动按钮后，等待2秒\ncy.contains('重启活动').eq(0).click().wait(2000);\ncy.get('div.activity-body').eq(0).within(() => {\n  cy.get('a').contains('修改信息').should('be.visible');\n  cy.get('a').contains('修改优惠').should('be.visible');\n  cy.get('a').contains('暂停活动').should('be.visible');\n  cy.get('a').contains('重启活动').should('not.exist');\n  cy.contains('主图水印').should('be.visible');\n});\ncy.get('span.activity-status').eq(0).within(() => {\n  cy.contains('未开始').should('be.visible');\n});",
              "err": {},
              "uuid": "decd8b5e-7c84-40bc-a0e3-84a94343e921",
              "parentUUID": "29c2e9ef-1aee-4ea3-ae20-ac7a6b28a562",
              "isHook": false,
              "skipped": true
            },
            {
              "title": "成功结束活动",
              "fullTitle": "全店满减/包邮主流程 成功结束活动",
              "timedOut": null,
              "duration": 0,
              "state": "skipped",
              "speed": null,
              "pass": false,
              "fail": false,
              "pending": false,
              "context": null,
              "code": "cy.visit('https://meizhe.meideng.net/huodong/list-v2').wait(5000);\ncy.get('body').then($body => {\n  const global_popwin_close = $body.find('button.mz-modal-adv-close-button:visible');\n  const global_tip1_close = $body.find('button.ant-tour-close:visible');\n  if (global_popwin_close.length !== 0) {\n    cy.wrap(global_popwin_close).click(); // 使用 cy.wrap 包装 jQuery 对象\n  }\n  if (global_tip1_close.length !== 0) {\n    cy.wrap(global_tip1_close).click();\n  }\n});\ncy.get('i.icon-shanchu').eq(0).parent().within(() => {\n  cy.get('i.icon-shanchu').click();\n});\ncy.get('button').contains('不结束').click();\ncy.get('i.icon-shanchu').eq(0).parent().within(() => {\n  cy.get('i.icon-shanchu').click();\n});\n//获取结束活动的接口请求\ncy.intercept('POST', 'https://meizhe.meideng.net/common/mj/stop').as('endActivityRequest');\ncy.get('button').contains('不结束').next().click();\ncy.wait('@endActivityRequest').then(interception => {\n  // 验证请求是否成功\n  expect(interception.response.statusCode).to.eq(200);\n  expect(interception.response.body).to.have.property('success', 1);\n});",
              "err": {},
              "uuid": "32d31603-6957-4f66-80c8-b765db3a158b",
              "parentUUID": "29c2e9ef-1aee-4ea3-ae20-ac7a6b28a562",
              "isHook": false,
              "skipped": true
            },
            {
              "title": "成功重开活动",
              "fullTitle": "全店满减/包邮主流程 成功重开活动",
              "timedOut": null,
              "duration": 0,
              "state": "skipped",
              "speed": null,
              "pass": false,
              "fail": false,
              "pending": false,
              "context": null,
              "code": "cy.visit('https://meizhe.meideng.net/huodong/list-stopped-v2').wait(5000);\ncy.get('body').then($body => {\n  const global_popwin_close = $body.find('button.mz-modal-adv-close-button:visible');\n  if (global_popwin_close.length !== 0) {\n    cy.wrap(global_popwin_close).click(); // 使用 cy.wrap 包装 jQuery 对象\n  }\n});\ncy.get('i.icon-chongkai').eq(0).click();\ncy.contains('点此完整重开').click();\ncy.url().should('contain', '/huodong/fmjs-restart-act');\ncy.go('back');\ncy.get('i.icon-chongkai').eq(0).click();\ncy.contains('确认重开').click();\ncy.contains('重开完成').should('be.visible');\ncy.visit('https://meizhe.meideng.net/huodong/list-v2').wait(5000);\ncy.get('body').then($body => {\n  const global_popwin_close = $body.find('button.mz-modal-adv-close-button:visible');\n  const global_tip1_close = $body.find('button.ant-tour-close:visible');\n  if (global_popwin_close.length !== 0) {\n    cy.wrap(global_popwin_close).click(); // 使用 cy.wrap 包装 jQuery 对象\n  }\n  if (global_tip1_close.length !== 0) {\n    cy.wrap(global_tip1_close).click();\n  }\n});\ncy.get('i.icon-shanchu').eq(0).parent().within(() => {\n  cy.get('i.icon-shanchu').click();\n});\ncy.get('button').contains('不结束').next().click();",
              "err": {},
              "uuid": "4f303895-db46-4a47-8409-68d47a674505",
              "parentUUID": "29c2e9ef-1aee-4ea3-ae20-ac7a6b28a562",
              "isHook": false,
              "skipped": true
            },
            {
              "title": "成功彻底删除折扣活动",
              "fullTitle": "全店满减/包邮主流程 成功彻底删除折扣活动",
              "timedOut": null,
              "duration": 0,
              "state": "skipped",
              "speed": null,
              "pass": false,
              "fail": false,
              "pending": false,
              "context": null,
              "code": "cy.visit('https://meizhe.meideng.net/huodong/list-stopped-v2').wait(2000);\ncy.get('body').then($body => {\n  const global_popwin_close = $body.find('button.mz-modal-adv-close-button:visible');\n  if (global_popwin_close.length !== 0) {\n    cy.wrap(global_popwin_close).click(); // 使用 cy.wrap 包装 jQuery 对象\n  }\n});\ncy.get('i.icon-yongjiushanchu').eq(0).click();\ncy.contains('不删除').click();\ncy.get('i.icon-yongjiushanchu').eq(0).click();\ncy.intercept('post', 'https://meizhe.meideng.net/common/mj/hide').as('yongjiushanchu');\ncy.contains('不删除').next().click();\ncy.wait('@yongjiushanchu').then(interception => {\n  expect(interception.response.statusCode).to.eq(200);\n  expect(interception.response.body).to.have.property('success', 1);\n});",
              "err": {},
              "uuid": "7f4145ed-6f2c-4beb-8c7a-414f130f509c",
              "parentUUID": "29c2e9ef-1aee-4ea3-ae20-ac7a6b28a562",
              "isHook": false,
              "skipped": true
            }
          ],
          "suites": [],
          "passes": [],
          "failures": [
            "63430221-4eef-41c5-a3eb-9fa3367bd033"
          ],
          "pending": [],
          "skipped": [
            "b87c872b-84e3-47e5-8371-d2255985bc9a",
            "781d6114-a2e2-4cc1-8560-0331dc444fd6",
            "bacb04b4-ea4b-4d54-806b-54c866bf0f69",
            "c81c4f6a-0c06-4c95-9618-42b6ca3e4e3d",
            "022b0ef6-5753-4834-839f-f5d9daa5fa18",
            "456d3baa-eecf-4bc0-ad5a-08dd136f0695",
            "decd8b5e-7c84-40bc-a0e3-84a94343e921",
            "32d31603-6957-4f66-80c8-b765db3a158b",
            "4f303895-db46-4a47-8409-68d47a674505",
            "7f4145ed-6f2c-4beb-8c7a-414f130f509c"
          ],
          "duration": 200,
          "root": false,
          "rootEmpty": false,
          "_timeout": 2000
        }
      ],
      "passes": [],
      "failures": [],
      "pending": [],
      "skipped": [],
      "duration": 0,
      "root": true,
      "rootEmpty": true,
      "_timeout": 2000
    }
  ],
  "meta": {
    "mocha": {
      "version": "7.0.1"
    },
    "mochawesome": {
      "options": {
        "quiet": false,
        "reportFilename": "mochawesome",
        "saveHtml": false,
        "saveJson": true,
        "consoleReporter": "spec",
        "useInlineDiffs": false,
        "code": true
      },
      "version": "7.1.3"
    },
    "marge": {
      "options": {
        "output": "mochawesome-report",
        "overwrite": false,
        "html": false,
        "json": true
      },
      "version": "6.2.0"
    }
  }
}