{
  "stats": {
    "suites": 1,
    "tests": 7,
    "passes": 3,
    "pending": 0,
    "failures": 4,
    "start": "2025-06-12T06:16:32.506Z",
    "end": "2025-06-12T06:24:37.472Z",
    "duration": 484966,
    "testsRegistered": 7,
    "passPercent": 42.857142857142854,
    "pendingPercent": 0,
    "other": 0,
    "hasOther": false,
    "skipped": 0,
    "hasSkipped": false
  },
  "results": [
    {
      "uuid": "b111e2db-e5eb-456b-827d-838500503e9e",
      "title": "",
      "fullFile": "cypress\\e2e\\4-act\\11shuiyin\\shuiyin11.cy.js",
      "file": "cypress\\e2e\\4-act\\11shuiyin\\shuiyin11.cy.js",
      "beforeHooks": [],
      "afterHooks": [],
      "tests": [],
      "suites": [
        {
          "uuid": "556fbffd-038f-42f2-be78-f7bb4a5fa3e5",
          "title": "1:1水印功能完整流程测试",
          "fullFile": "",
          "file": "",
          "beforeHooks": [],
          "afterHooks": [],
          "tests": [
            {
              "title": "1. 创建水印",
              "fullTitle": "1:1水印功能完整流程测试 1. 创建水印",
              "timedOut": null,
              "duration": 29649,
              "state": "failed",
              "speed": null,
              "pass": false,
              "fail": true,
              "pending": false,
              "context": null,
              "code": "watermarkTest.createWatermark();",
              "err": {
                "message": "AssertionError: Timed out retrying after 4000ms: expected '<button.dplCurFj._10FPpG77._1O3lqufx._2NB3rG9u._1_W4UU-M.mzc-margin.mzc-margin.mzc-margin-large>' to be 'visible'\n\nThis element `<button.dplCurFj._10FPpG77._1O3lqufx._2NB3rG9u._1_W4UU-M.mzc-margin.mzc-margin.mzc-margin-large>` is not visible because it has CSS property: `position: fixed` and it's being covered by another element:\n\n`<div class=\"CjiBY407 mzc-popover-anchor\">...</div>`",
                "estack": "AssertionError: Timed out retrying after 4000ms: expected '<button.dplCurFj._10FPpG77._1O3lqufx._2NB3rG9u._1_W4UU-M.mzc-margin.mzc-margin.mzc-margin-large>' to be 'visible'\n\nThis element `<button.dplCurFj._10FPpG77._1O3lqufx._2NB3rG9u._1_W4UU-M.mzc-margin.mzc-margin.mzc-margin-large>` is not visible because it has CSS property: `position: fixed` and it's being covered by another element:\n\n`<div class=\"CjiBY407 mzc-popover-anchor\">...</div>`\n    at Object.createWatermark (webpack://meizhe2025/./cypress/e2e/4-act/11shuiyin/create.cy.js:70:103)\n    at BaseWatermarkTest.createWatermark (webpack://meizhe2025/./cypress/e2e/4-act/common/baseWatermark.js:9:64)\n    at Context.eval (webpack://meizhe2025/./cypress/e2e/4-act/11shuiyin/shuiyin11.cy.js:13:22)",
                "diff": null
              },
              "uuid": "244b7825-7187-4d29-b941-f42cac29b49c",
              "parentUUID": "556fbffd-038f-42f2-be78-f7bb4a5fa3e5",
              "isHook": false,
              "skipped": false
            },
            {
              "title": "2. 修改活动信息",
              "fullTitle": "1:1水印功能完整流程测试 2. 修改活动信息",
              "timedOut": null,
              "duration": 23111,
              "state": "passed",
              "speed": "slow",
              "pass": true,
              "fail": false,
              "pending": false,
              "context": null,
              "code": "watermarkTest.modifyact();",
              "err": {},
              "uuid": "6287436a-caff-46a6-937c-1c84dc47c8e5",
              "parentUUID": "556fbffd-038f-42f2-be78-f7bb4a5fa3e5",
              "isHook": false,
              "skipped": false
            },
            {
              "title": "3. 修改水印",
              "fullTitle": "1:1水印功能完整流程测试 3. 修改水印",
              "timedOut": null,
              "duration": 40635,
              "state": "failed",
              "speed": null,
              "pass": false,
              "fail": true,
              "pending": false,
              "context": null,
              "code": "watermarkTest.modifyWatermark();",
              "err": {
                "message": "AssertionError: Timed out retrying after 4000ms: Expected to find content: '这是一行利益点文案' but never did.",
                "estack": "AssertionError: Timed out retrying after 4000ms: Expected to find content: '这是一行利益点文案' but never did.\n    at Object.modifyWatermark (webpack://meizhe2025/./cypress/e2e/4-act/11shuiyin/modify.cy.js:38:31)\n    at BaseWatermarkTest.modifyWatermark (webpack://meizhe2025/./cypress/e2e/4-act/common/baseWatermark.js:17:64)\n    at Context.eval (webpack://meizhe2025/./cypress/e2e/4-act/11shuiyin/shuiyin11.cy.js:21:22)",
                "diff": null
              },
              "uuid": "b7ee0b9e-aae6-4f2a-86f5-b96fabef4ae7",
              "parentUUID": "556fbffd-038f-42f2-be78-f7bb4a5fa3e5",
              "isHook": false,
              "skipped": false
            },
            {
              "title": "4. 结束并重开水印",
              "fullTitle": "1:1水印功能完整流程测试 4. 结束并重开水印",
              "timedOut": null,
              "duration": 70749,
              "state": "failed",
              "speed": null,
              "pass": false,
              "fail": true,
              "pending": false,
              "context": null,
              "code": "watermarkTest.restartWatermark();",
              "err": {
                "message": "AssertionError: expected '684a71d95e9f0d2e29e15cb2' to equal '6847aad65e9f0d2e29de7fb2'",
                "estack": "AssertionError: expected '684a71d95e9f0d2e29e15cb2' to equal '6847aad65e9f0d2e29de7fb2'\n    at Context.eval (webpack://meizhe2025/./cypress/e2e/4-act/11shuiyin/restart.cy.js:96:30)",
                "diff": "- '684a71d95e9f0d2e29e15cb2'\n+ '6847aad65e9f0d2e29de7fb2'\n"
              },
              "uuid": "2081431e-a2f3-4a63-81e7-b9258fcec8dd",
              "parentUUID": "556fbffd-038f-42f2-be78-f7bb4a5fa3e5",
              "isHook": false,
              "skipped": false
            },
            {
              "title": "5. 添加删除商品",
              "fullTitle": "1:1水印功能完整流程测试 5. 添加删除商品",
              "timedOut": null,
              "duration": 32803,
              "state": "failed",
              "speed": null,
              "pass": false,
              "fail": true,
              "pending": false,
              "context": null,
              "code": "watermarkTest.addproducts();",
              "err": {
                "message": "CypressError: Timed out retrying after 4050ms: `cy.click()` failed because this element:\n\n`<button class=\"BKXijv6x icYbhM6i _10FPpG77 _2HNw7_rq YQ6MBSnb _3S4rs61U _3PMLNtoR mzc-margin mzc-margin mzc-margin-small-horz mzc-margin-xs-vert\" type=\"button\">添加商品</button>`\n\nis being covered by another element:\n\n`<div class=\"CjiBY407 mzc-popover-anchor\">...</div>`\n\nFix this problem, or use {force: true} to disable error checking.\n\nhttps://on.cypress.io/element-cannot-be-interacted-with",
                "estack": "CypressError: Timed out retrying after 4050ms: `cy.click()` failed because this element:\n\n`<button class=\"BKXijv6x icYbhM6i _10FPpG77 _2HNw7_rq YQ6MBSnb _3S4rs61U _3PMLNtoR mzc-margin mzc-margin mzc-margin-small-horz mzc-margin-xs-vert\" type=\"button\">添加商品</button>`\n\nis being covered by another element:\n\n`<div class=\"CjiBY407 mzc-popover-anchor\">...</div>`\n\nFix this problem, or use {force: true} to disable error checking.\n\nhttps://on.cypress.io/element-cannot-be-interacted-with\n    at ensureIsDescendent (https://meizhe.meideng.net/__cypress/runner/cypress_runner.js:112915:68)\n    at ensureDescendents (https://meizhe.meideng.net/__cypress/runner/cypress_runner.js:112966:5)\n    at ensureDescendentsAndScroll (https://meizhe.meideng.net/__cypress/runner/cypress_runner.js:112972:14)\n    at ensureElIsNotCovered (https://meizhe.meideng.net/__cypress/runner/cypress_runner.js:113103:5)\n    at runAllChecks (https://meizhe.meideng.net/__cypress/runner/cypress_runner.js:113302:52)\n    at retryActionability (https://meizhe.meideng.net/__cypress/runner/cypress_runner.js:113339:16)\n    at tryCatcher (https://meizhe.meideng.net/__cypress/runner/cypress_runner.js:1830:23)\n    at Promise.attempt.Promise.try (https://meizhe.meideng.net/__cypress/runner/cypress_runner.js:4338:29)\n    at whenStable (https://meizhe.meideng.net/__cypress/runner/cypress_runner.js:143744:68)\n    at <unknown> (https://meizhe.meideng.net/__cypress/runner/cypress_runner.js:143685:14)\n    at tryCatcher (https://meizhe.meideng.net/__cypress/runner/cypress_runner.js:1830:23)\n    at Promise._settlePromiseFromHandler (https://meizhe.meideng.net/__cypress/runner/cypress_runner.js:1542:31)\n    at Promise._settlePromise (https://meizhe.meideng.net/__cypress/runner/cypress_runner.js:1599:18)\n    at Promise._settlePromise0 (https://meizhe.meideng.net/__cypress/runner/cypress_runner.js:1644:10)\n    at Promise._settlePromises (https://meizhe.meideng.net/__cypress/runner/cypress_runner.js:1724:18)\n    at Promise._fulfill (https://meizhe.meideng.net/__cypress/runner/cypress_runner.js:1668:18)\n    at <unknown> (https://meizhe.meideng.net/__cypress/runner/cypress_runner.js:5473:46)\nFrom Your Spec Code:\n    at Object.addproducts (webpack://meizhe2025/./cypress/e2e/4-act/11shuiyin/product.cy.js:21:30)\n    at BaseWatermarkTest.addproducts (webpack://meizhe2025/./cypress/e2e/4-act/common/baseWatermark.js:25:61)\n    at Context.eval (webpack://meizhe2025/./cypress/e2e/4-act/11shuiyin/shuiyin11.cy.js:29:22)",
                "diff": null
              },
              "uuid": "e4270e84-0ba0-4d4c-882d-2676fddb958e",
              "parentUUID": "556fbffd-038f-42f2-be78-f7bb4a5fa3e5",
              "isHook": false,
              "skipped": false
            },
            {
              "title": "6. 复制活动",
              "fullTitle": "1:1水印功能完整流程测试 6. 复制活动",
              "timedOut": null,
              "duration": 67337,
              "state": "passed",
              "speed": "slow",
              "pass": true,
              "fail": false,
              "pending": false,
              "context": null,
              "code": "watermarkTest.copyactivity();",
              "err": {},
              "uuid": "0797cbb7-1548-416d-9c49-1814fd86ad49",
              "parentUUID": "556fbffd-038f-42f2-be78-f7bb4a5fa3e5",
              "isHook": false,
              "skipped": false
            },
            {
              "title": "7. 其他操作（保存模板/永久删除）",
              "fullTitle": "1:1水印功能完整流程测试 7. 其他操作（保存模板/永久删除）",
              "timedOut": null,
              "duration": 55639,
              "state": "passed",
              "speed": "slow",
              "pass": true,
              "fail": false,
              "pending": false,
              "context": null,
              "code": "watermarkTest.otheroperations();",
              "err": {},
              "uuid": "e8e9562d-fab4-4b59-a01f-be9975fc4dac",
              "parentUUID": "556fbffd-038f-42f2-be78-f7bb4a5fa3e5",
              "isHook": false,
              "skipped": false
            }
          ],
          "suites": [],
          "passes": [
            "6287436a-caff-46a6-937c-1c84dc47c8e5",
            "0797cbb7-1548-416d-9c49-1814fd86ad49",
            "e8e9562d-fab4-4b59-a01f-be9975fc4dac"
          ],
          "failures": [
            "244b7825-7187-4d29-b941-f42cac29b49c",
            "b7ee0b9e-aae6-4f2a-86f5-b96fabef4ae7",
            "2081431e-a2f3-4a63-81e7-b9258fcec8dd",
            "e4270e84-0ba0-4d4c-882d-2676fddb958e"
          ],
          "pending": [],
          "skipped": [],
          "duration": 319923,
          "root": false,
          "rootEmpty": false,
          "_timeout": 2000
        }
      ],
      "passes": [],
      "failures": [],
      "pending": [],
      "skipped": [],
      "duration": 0,
      "root": true,
      "rootEmpty": true,
      "_timeout": 2000
    }
  ],
  "meta": {
    "mocha": {
      "version": "7.0.1"
    },
    "mochawesome": {
      "options": {
        "quiet": false,
        "reportFilename": "mochawesome",
        "saveHtml": false,
        "saveJson": true,
        "consoleReporter": "spec",
        "useInlineDiffs": false,
        "code": true
      },
      "version": "7.1.3"
    },
    "marge": {
      "options": {
        "output": "mochawesome-report",
        "overwrite": false,
        "html": false,
        "json": true
      },
      "version": "6.2.0"
    }
  }
}