{
  "stats": {
    "suites": 1,
    "tests": 1,
    "passes": 1,
    "pending": 0,
    "failures": 0,
    "start": "2025-06-12T06:14:37.553Z",
    "end": "2025-06-12T06:15:48.709Z",
    "duration": 71156,
    "testsRegistered": 1,
    "passPercent": 100,
    "pendingPercent": 0,
    "other": 0,
    "hasOther": false,
    "skipped": 0,
    "hasSkipped": false
  },
  "results": [
    {
      "uuid": "44735d66-07fc-41d7-a034-e32601303cca",
      "title": "",
      "fullFile": "cypress\\e2e\\4-act\\34shuiyin\\shuiyin34.cy.js",
      "file": "cypress\\e2e\\4-act\\34shuiyin\\shuiyin34.cy.js",
      "beforeHooks": [],
      "afterHooks": [],
      "tests": [],
      "suites": [
        {
          "uuid": "5fc2d2cb-e088-479c-9236-01ffd2675136",
          "title": "3:4水印功能完整流程测试",
          "fullFile": "",
          "file": "",
          "beforeHooks": [],
          "afterHooks": [],
          "tests": [
            {
              "title": "1. 创建水印",
              "fullTitle": "3:4水印功能完整流程测试 1. 创建水印",
              "timedOut": null,
              "duration": 53395,
              "state": "passed",
              "speed": "slow",
              "pass": true,
              "fail": false,
              "pending": false,
              "context": null,
              "code": "(0, _create34Cy.create34Watermark)();",
              "err": {},
              "uuid": "7cf53719-528b-4d21-bf5a-1ff5b29b378d",
              "parentUUID": "5fc2d2cb-e088-479c-9236-01ffd2675136",
              "isHook": false,
              "skipped": false
            }
          ],
          "suites": [],
          "passes": [
            "7cf53719-528b-4d21-bf5a-1ff5b29b378d"
          ],
          "failures": [],
          "pending": [],
          "skipped": [],
          "duration": 53395,
          "root": false,
          "rootEmpty": false,
          "_timeout": 2000
        }
      ],
      "passes": [],
      "failures": [],
      "pending": [],
      "skipped": [],
      "duration": 0,
      "root": true,
      "rootEmpty": true,
      "_timeout": 2000
    }
  ],
  "meta": {
    "mocha": {
      "version": "7.0.1"
    },
    "mochawesome": {
      "options": {
        "quiet": false,
        "reportFilename": "mochawesome",
        "saveHtml": false,
        "saveJson": true,
        "consoleReporter": "spec",
        "useInlineDiffs": false,
        "code": true
      },
      "version": "7.1.3"
    },
    "marge": {
      "options": {
        "output": "mochawesome-report",
        "overwrite": false,
        "html": false,
        "json": true
      },
      "version": "6.2.0"
    }
  }
}